Started GET "/" for 127.0.0.1 at 2018-01-17 12:53:51 +0300
Processing by Rails::WelcomeController#index as HTML
  Rendering C:/RailsInstaller/Ruby2.2.0/lib/ruby/gems/2.2.0/gems/railties-5.1.4/lib/rails/templates/rails/welcome/index.html.erb
  Rendered C:/RailsInstaller/Ruby2.2.0/lib/ruby/gems/2.2.0/gems/railties-5.1.4/lib/rails/templates/rails/welcome/index.html.erb (12.5ms)
Completed 200 OK in 1531ms (Views: 78.1ms)


Started GET "/" for 127.0.0.1 at 2018-01-17 12:57:16 +0300
Processing by Rails::WelcomeController#index as HTML
  Rendering C:/RailsInstaller/Ruby2.2.0/lib/ruby/gems/2.2.0/gems/railties-5.1.4/lib/rails/templates/rails/welcome/index.html.erb
  Rendered C:/RailsInstaller/Ruby2.2.0/lib/ruby/gems/2.2.0/gems/railties-5.1.4/lib/rails/templates/rails/welcome/index.html.erb (6.5ms)
Completed 200 OK in 499ms (Views: 57.5ms)


Started GET "/" for 127.0.0.1 at 2018-01-17 12:58:45 +0300
Processing by Rails::WelcomeController#index as HTML
  Rendering C:/RailsInstaller/Ruby2.2.0/lib/ruby/gems/2.2.0/gems/railties-5.1.4/lib/rails/templates/rails/welcome/index.html.erb
  Rendered C:/RailsInstaller/Ruby2.2.0/lib/ruby/gems/2.2.0/gems/railties-5.1.4/lib/rails/templates/rails/welcome/index.html.erb (6.0ms)
Completed 200 OK in 440ms (Views: 52.2ms)


Started GET "/" for 127.0.0.1 at 2018-01-17 13:08:55 +0300
Processing by Rails::WelcomeController#index as HTML
  Rendering C:/RailsInstaller/Ruby2.2.0/lib/ruby/gems/2.2.0/gems/railties-5.1.4/lib/rails/templates/rails/welcome/index.html.erb
  Rendered C:/RailsInstaller/Ruby2.2.0/lib/ruby/gems/2.2.0/gems/railties-5.1.4/lib/rails/templates/rails/welcome/index.html.erb (4.5ms)
Completed 200 OK in 341ms (Views: 40.2ms)


Started GET "/pages/index" for 127.0.0.1 at 2018-01-17 13:09:17 +0300
Processing by PagesController#index as HTML
  Rendering pages/index.html.erb within layouts/application
  Rendered pages/index.html.erb within layouts/application (0.5ms)
Completed 500 Internal Server Error in 368ms


  
ActionView::Template::Error (Invalid CSS after "": expected selector or at-rule, was "/*"):
    4:     <title>Authorizer</title>
    5:     <%= csrf_meta_tags %>
    6: 
    7:     <%= stylesheet_link_tag    'application', media: 'all', 'data-turbolinks-track': 'reload' %>
    8:     <%= javascript_include_tag 'application', 'data-turbolinks-track': 'reload' %>
    9:   </head>
   10: 
  
app/assets/stylesheets/application.scss:1
app/views/layouts/application.html.erb:7:in `_app_views_layouts_application_html_erb___776174147_66271008'
Started GET "/pages/index" for 127.0.0.1 at 2018-01-17 13:10:55 +0300
Processing by PagesController#index as HTML
  Rendering pages/index.html.erb within layouts/application
  Rendered pages/index.html.erb within layouts/application (3.5ms)
Completed 500 Internal Server Error in 7367ms


  
ActionView::Template::Error (File to import not found or unreadable: require_tree.
Load paths:
  C:/Users/vladp/RubymineProjects/Authorizer/Authorizer/app/assets/config
  C:/Users/vladp/RubymineProjects/Authorizer/Authorizer/app/assets/fonts
  C:/Users/vladp/RubymineProjects/Authorizer/Authorizer/app/assets/images
  C:/Users/vladp/RubymineProjects/Authorizer/Authorizer/app/assets/javascripts
  C:/Users/vladp/RubymineProjects/Authorizer/Authorizer/app/assets/stylesheets
  C:/Users/vladp/RubymineProjects/Authorizer/Authorizer/vendor/assets/javascripts
  C:/RailsInstaller/Ruby2.2.0/lib/ruby/gems/2.2.0/gems/coffee-rails-4.2.2/lib/assets/javascripts
  C:/RailsInstaller/Ruby2.2.0/lib/ruby/gems/2.2.0/gems/actioncable-5.1.4/lib/assets/compiled
  C:/RailsInstaller/Ruby2.2.0/lib/ruby/gems/2.2.0/gems/actionview-5.1.4/lib/assets/compiled
  C:/RailsInstaller/Ruby2.2.0/lib/ruby/gems/2.2.0/gems/turbolinks-source-5.1.0/lib/assets/javascripts
  C:/Users/vladp/RubymineProjects/Authorizer/Authorizer/node_modules
  C:/RailsInstaller/Ruby2.2.0/lib/ruby/gems/2.2.0/gems/bootstrap-sass-3.3.7/assets/stylesheets
  C:/RailsInstaller/Ruby2.2.0/lib/ruby/gems/2.2.0/gems/bootstrap-sass-3.3.7/assets/javascripts
  C:/RailsInstaller/Ruby2.2.0/lib/ruby/gems/2.2.0/gems/bootstrap-sass-3.3.7/assets/fonts
  C:/RailsInstaller/Ruby2.2.0/lib/ruby/gems/2.2.0/gems/bootstrap-sass-3.3.7/assets/images
  C:/RailsInstaller/Ruby2.2.0/lib/ruby/gems/2.2.0/gems/bootstrap-sass-3.3.7/assets/stylesheets):
    4:     <title>Authorizer</title>
    5:     <%= csrf_meta_tags %>
    6: 
    7:     <%= stylesheet_link_tag    'application', media: 'all', 'data-turbolinks-track': 'reload' %>
    8:     <%= javascript_include_tag 'application', 'data-turbolinks-track': 'reload' %>
    9:   </head>
   10: 
  
app/assets/stylesheets/application.scss:3
app/views/layouts/application.html.erb:7:in `_app_views_layouts_application_html_erb___771426865_66209520'
Started GET "/pages/index" for 127.0.0.1 at 2018-01-17 13:12:23 +0300
Processing by PagesController#index as HTML
  Rendering pages/index.html.erb within layouts/application
  Rendered pages/index.html.erb within layouts/application (2.5ms)
  Rendered layouts/_navigation.html.erb (0.5ms)
Completed 200 OK in 10868ms (Views: 10349.3ms)


Started GET "/" for 127.0.0.1 at 2018-01-17 13:18:02 +0300
Processing by PagesController#index as HTML
  Rendering pages/index.html.erb within layouts/application
  Rendered pages/index.html.erb within layouts/application (2.5ms)
  Rendered layouts/_navigation.html.erb (0.5ms)
Completed 200 OK in 5640ms (Views: 5239.4ms)


  [1m[35m (0.5ms)[0m  [1m[35mSET NAMES utf8,  @@SESSION.sql_mode = CONCAT(CONCAT(@@sql_mode, ',STRICT_ALL_TABLES'), ',NO_AUTO_VALUE_ON_ZERO'),  @@SESSION.sql_auto_is_null = 0, @@SESSION.wait_timeout = 2147483[0m
  [1m[35m (91.8ms)[0m  [1m[35mCREATE TABLE `schema_migrations` (`version` varchar(255) NOT NULL PRIMARY KEY) ENGINE=InnoDB[0m
  [1m[35m (88.1ms)[0m  [1m[35mCREATE TABLE `ar_internal_metadata` (`key` varchar(255) NOT NULL PRIMARY KEY, `value` varchar(255), `created_at` datetime NOT NULL, `updated_at` datetime NOT NULL) ENGINE=InnoDB[0m
  [1m[35m (0.0ms)[0m  [1m[34mSELECT GET_LOCK(1813244405997205755, 0)[0m
  [1m[35m (6.5ms)[0m  [1m[34mSELECT `schema_migrations`.`version` FROM `schema_migrations` ORDER BY `schema_migrations`.`version` ASC[0m
Migrating to CreateUsers (20180117104425)
  [1m[35m (112.7ms)[0m  [1m[35mCREATE TABLE `users` (`id` bigint NOT NULL AUTO_INCREMENT PRIMARY KEY, `provider` varchar(255), `uid` varchar(255), `token` varchar(255), `secret` varchar(255), `profile_image` varchar(255), `created_at` datetime NOT NULL, `updated_at` datetime NOT NULL) ENGINE=InnoDB[0m
  [1m[35m (0.0ms)[0m  [1m[35mBEGIN[0m
  [1m[35mSQL (0.5ms)[0m  [1m[32mINSERT INTO `schema_migrations` (`version`) VALUES ('20180117104425')[0m
  [1m[35m (24.7ms)[0m  [1m[35mCOMMIT[0m
  [1m[36mActiveRecord::InternalMetadata Load (10.5ms)[0m  [1m[34mSELECT  `ar_internal_metadata`.* FROM `ar_internal_metadata` WHERE `ar_internal_metadata`.`key` = 'environment' LIMIT 1[0m
  [1m[35m (0.5ms)[0m  [1m[35mBEGIN[0m
  [1m[35mSQL (0.0ms)[0m  [1m[32mINSERT INTO `ar_internal_metadata` (`key`, `value`, `created_at`, `updated_at`) VALUES ('environment', 'development', '2018-01-17 10:50:32', '2018-01-17 10:50:32')[0m
  [1m[35m (39.2ms)[0m  [1m[35mCOMMIT[0m
  [1m[35m (0.0ms)[0m  [1m[34mSELECT RELEASE_LOCK(1813244405997205755)[0m
  [1m[35m (0.5ms)[0m  [1m[34mSELECT `schema_migrations`.`version` FROM `schema_migrations` ORDER BY `schema_migrations`.`version` ASC[0m
Started GET "/" for 127.0.0.1 at 2018-01-17 13:52:54 +0300
  [1m[35m (0.0ms)[0m  [1m[35mSET NAMES utf8,  @@SESSION.sql_mode = CONCAT(CONCAT(@@sql_mode, ',STRICT_ALL_TABLES'), ',NO_AUTO_VALUE_ON_ZERO'),  @@SESSION.sql_auto_is_null = 0, @@SESSION.wait_timeout = 2147483[0m
  [1m[35m (7.5ms)[0m  [1m[34mSELECT `schema_migrations`.`version` FROM `schema_migrations` ORDER BY `schema_migrations`.`version` ASC[0m
Processing by PagesController#index as HTML
  Rendering pages/index.html.erb within layouts/application
  Rendered pages/index.html.erb within layouts/application (2.5ms)
  Rendered layouts/_navigation.html.erb (2.0ms)
Completed 200 OK in 1327ms (Views: 1294.7ms | ActiveRecord: 0.0ms)


Started GET "/auth/twitter" for 127.0.0.1 at 2018-01-17 13:53:17 +0300
  
OAuth::Unauthorized (400 Bad Request):
  
oauth (0.5.4) lib/oauth/consumer.rb:236:in `token_request'
oauth (0.5.4) lib/oauth/consumer.rb:155:in `get_request_token'
omniauth-oauth (1.1.0) lib/omniauth/strategies/oauth.rb:28:in `request_phase'
omniauth-twitter (1.4.0) lib/omniauth/strategies/twitter.rb:61:in `request_phase'
omniauth (1.8.1) lib/omniauth/strategy.rb:224:in `request_call'
omniauth (1.8.1) lib/omniauth/strategy.rb:187:in `call!'
omniauth (1.8.1) lib/omniauth/strategy.rb:168:in `call'
omniauth (1.8.1) lib/omniauth/builder.rb:63:in `call'
rack (2.0.3) lib/rack/etag.rb:25:in `call'
rack (2.0.3) lib/rack/conditional_get.rb:25:in `call'
rack (2.0.3) lib/rack/head.rb:12:in `call'
rack (2.0.3) lib/rack/session/abstract/id.rb:232:in `context'
rack (2.0.3) lib/rack/session/abstract/id.rb:226:in `call'
actionpack (5.1.4) lib/action_dispatch/middleware/cookies.rb:613:in `call'
activerecord (5.1.4) lib/active_record/migration.rb:556:in `call'
actionpack (5.1.4) lib/action_dispatch/middleware/callbacks.rb:26:in `block in call'
activesupport (5.1.4) lib/active_support/callbacks.rb:97:in `run_callbacks'
actionpack (5.1.4) lib/action_dispatch/middleware/callbacks.rb:24:in `call'
actionpack (5.1.4) lib/action_dispatch/middleware/executor.rb:12:in `call'
actionpack (5.1.4) lib/action_dispatch/middleware/debug_exceptions.rb:59:in `call'
web-console (3.5.1) lib/web_console/middleware.rb:135:in `call_app'
web-console (3.5.1) lib/web_console/middleware.rb:28:in `block in call'
web-console (3.5.1) lib/web_console/middleware.rb:18:in `catch'
web-console (3.5.1) lib/web_console/middleware.rb:18:in `call'
actionpack (5.1.4) lib/action_dispatch/middleware/show_exceptions.rb:31:in `call'
railties (5.1.4) lib/rails/rack/logger.rb:36:in `call_app'
railties (5.1.4) lib/rails/rack/logger.rb:24:in `block in call'
activesupport (5.1.4) lib/active_support/tagged_logging.rb:69:in `block in tagged'
activesupport (5.1.4) lib/active_support/tagged_logging.rb:26:in `tagged'
activesupport (5.1.4) lib/active_support/tagged_logging.rb:69:in `tagged'
railties (5.1.4) lib/rails/rack/logger.rb:24:in `call'
sprockets-rails (3.2.1) lib/sprockets/rails/quiet_assets.rb:13:in `call'
actionpack (5.1.4) lib/action_dispatch/middleware/remote_ip.rb:79:in `call'
actionpack (5.1.4) lib/action_dispatch/middleware/request_id.rb:25:in `call'
rack (2.0.3) lib/rack/method_override.rb:22:in `call'
rack (2.0.3) lib/rack/runtime.rb:22:in `call'
activesupport (5.1.4) lib/active_support/cache/strategy/local_cache_middleware.rb:27:in `call'
actionpack (5.1.4) lib/action_dispatch/middleware/executor.rb:12:in `call'
actionpack (5.1.4) lib/action_dispatch/middleware/static.rb:125:in `call'
rack (2.0.3) lib/rack/sendfile.rb:111:in `call'
railties (5.1.4) lib/rails/engine.rb:522:in `call'
puma (3.11.0) lib/puma/configuration.rb:225:in `call'
puma (3.11.0) lib/puma/server.rb:624:in `handle_request'
puma (3.11.0) lib/puma/server.rb:438:in `process_client'
puma (3.11.0) lib/puma/server.rb:302:in `block in run'
puma (3.11.0) lib/puma/thread_pool.rb:120:in `call'
puma (3.11.0) lib/puma/thread_pool.rb:120:in `block in spawn_thread'
Started GET "/" for 127.0.0.1 at 2018-01-17 13:55:10 +0300
Processing by PagesController#index as HTML
  Rendering pages/index.html.erb within layouts/application
  Rendered pages/index.html.erb within layouts/application (0.5ms)
  Rendered layouts/_navigation.html.erb (0.5ms)
Completed 200 OK in 279ms (Views: 254.9ms | ActiveRecord: 0.0ms)


Started GET "/auth/twitter" for 127.0.0.1 at 2018-01-17 13:55:12 +0300
  
OAuth::Unauthorized (400 Bad Request):
  
oauth (0.5.4) lib/oauth/consumer.rb:236:in `token_request'
oauth (0.5.4) lib/oauth/consumer.rb:155:in `get_request_token'
omniauth-oauth (1.1.0) lib/omniauth/strategies/oauth.rb:28:in `request_phase'
omniauth-twitter (1.4.0) lib/omniauth/strategies/twitter.rb:61:in `request_phase'
omniauth (1.8.1) lib/omniauth/strategy.rb:224:in `request_call'
omniauth (1.8.1) lib/omniauth/strategy.rb:187:in `call!'
omniauth (1.8.1) lib/omniauth/strategy.rb:168:in `call'
omniauth (1.8.1) lib/omniauth/builder.rb:63:in `call'
rack (2.0.3) lib/rack/etag.rb:25:in `call'
rack (2.0.3) lib/rack/conditional_get.rb:25:in `call'
rack (2.0.3) lib/rack/head.rb:12:in `call'
rack (2.0.3) lib/rack/session/abstract/id.rb:232:in `context'
rack (2.0.3) lib/rack/session/abstract/id.rb:226:in `call'
actionpack (5.1.4) lib/action_dispatch/middleware/cookies.rb:613:in `call'
activerecord (5.1.4) lib/active_record/migration.rb:556:in `call'
actionpack (5.1.4) lib/action_dispatch/middleware/callbacks.rb:26:in `block in call'
activesupport (5.1.4) lib/active_support/callbacks.rb:97:in `run_callbacks'
actionpack (5.1.4) lib/action_dispatch/middleware/callbacks.rb:24:in `call'
actionpack (5.1.4) lib/action_dispatch/middleware/executor.rb:12:in `call'
actionpack (5.1.4) lib/action_dispatch/middleware/debug_exceptions.rb:59:in `call'
web-console (3.5.1) lib/web_console/middleware.rb:135:in `call_app'
web-console (3.5.1) lib/web_console/middleware.rb:28:in `block in call'
web-console (3.5.1) lib/web_console/middleware.rb:18:in `catch'
web-console (3.5.1) lib/web_console/middleware.rb:18:in `call'
actionpack (5.1.4) lib/action_dispatch/middleware/show_exceptions.rb:31:in `call'
railties (5.1.4) lib/rails/rack/logger.rb:36:in `call_app'
railties (5.1.4) lib/rails/rack/logger.rb:24:in `block in call'
activesupport (5.1.4) lib/active_support/tagged_logging.rb:69:in `block in tagged'
activesupport (5.1.4) lib/active_support/tagged_logging.rb:26:in `tagged'
activesupport (5.1.4) lib/active_support/tagged_logging.rb:69:in `tagged'
railties (5.1.4) lib/rails/rack/logger.rb:24:in `call'
sprockets-rails (3.2.1) lib/sprockets/rails/quiet_assets.rb:13:in `call'
actionpack (5.1.4) lib/action_dispatch/middleware/remote_ip.rb:79:in `call'
actionpack (5.1.4) lib/action_dispatch/middleware/request_id.rb:25:in `call'
rack (2.0.3) lib/rack/method_override.rb:22:in `call'
rack (2.0.3) lib/rack/runtime.rb:22:in `call'
activesupport (5.1.4) lib/active_support/cache/strategy/local_cache_middleware.rb:27:in `call'
actionpack (5.1.4) lib/action_dispatch/middleware/executor.rb:12:in `call'
actionpack (5.1.4) lib/action_dispatch/middleware/static.rb:125:in `call'
rack (2.0.3) lib/rack/sendfile.rb:111:in `call'
railties (5.1.4) lib/rails/engine.rb:522:in `call'
puma (3.11.0) lib/puma/configuration.rb:225:in `call'
puma (3.11.0) lib/puma/server.rb:624:in `handle_request'
puma (3.11.0) lib/puma/server.rb:438:in `process_client'
puma (3.11.0) lib/puma/server.rb:302:in `block in run'
puma (3.11.0) lib/puma/thread_pool.rb:120:in `call'
puma (3.11.0) lib/puma/thread_pool.rb:120:in `block in spawn_thread'
Started POST "/__web_console/repl_sessions/3fa651da7d48a21836269e98d3589127/trace" for 127.0.0.1 at 2018-01-17 13:56:39 +0300
Started GET "/" for 127.0.0.1 at 2018-01-17 14:00:23 +0300
  [1m[35m (0.5ms)[0m  [1m[35mSET NAMES utf8,  @@SESSION.sql_mode = CONCAT(CONCAT(@@sql_mode, ',STRICT_ALL_TABLES'), ',NO_AUTO_VALUE_ON_ZERO'),  @@SESSION.sql_auto_is_null = 0, @@SESSION.wait_timeout = 2147483[0m
  [1m[35m (9.5ms)[0m  [1m[34mSELECT `schema_migrations`.`version` FROM `schema_migrations` ORDER BY `schema_migrations`.`version` ASC[0m
Processing by PagesController#index as HTML
  Rendering pages/index.html.erb within layouts/application
  Rendered pages/index.html.erb within layouts/application (2.5ms)
  Rendered layouts/_navigation.html.erb (1.0ms)
Completed 200 OK in 777ms (Views: 753.9ms | ActiveRecord: 0.0ms)


Started GET "/auth/twitter" for 127.0.0.1 at 2018-01-17 14:01:00 +0300
Started GET "/auth/twitter" for 127.0.0.1 at 2018-01-17 14:01:01 +0300
Started GET "/" for 127.0.0.1 at 2018-01-17 15:04:32 +0300
  [1m[35m (0.5ms)[0m  [1m[35mSET NAMES utf8,  @@SESSION.sql_mode = CONCAT(CONCAT(@@sql_mode, ',STRICT_ALL_TABLES'), ',NO_AUTO_VALUE_ON_ZERO'),  @@SESSION.sql_auto_is_null = 0, @@SESSION.wait_timeout = 2147483[0m
  [1m[35m (13.5ms)[0m  [1m[34mSELECT `schema_migrations`.`version` FROM `schema_migrations` ORDER BY `schema_migrations`.`version` ASC[0m
Processing by PagesController#index as HTML
  Rendering pages/index.html.erb within layouts/application
  Rendered pages/index.html.erb within layouts/application (2.5ms)
  Rendered layouts/_navigation.html.erb (1.0ms)
Completed 200 OK in 1036ms (Views: 1007.4ms | ActiveRecord: 0.0ms)


Started GET "/auth/twitter" for 127.0.0.1 at 2018-01-17 15:04:56 +0300
Started GET "/auth/twitter" for 127.0.0.1 at 2018-01-17 15:04:58 +0300
Started GET "/auth/twitter/callback?oauth_token=oxh67QAAAAAA4EFYAAABYQQCIRA&oauth_verifier=y6mVEhI5rmCKBJ9JioJ52SLMZFh7NH6T" for 127.0.0.1 at 2018-01-17 15:05:08 +0300
Processing by SessionsController#create as HTML
  Parameters: {"oauth_token"=>"oxh67QAAAAAA4EFYAAABYQQCIRA", "oauth_verifier"=>"y6mVEhI5rmCKBJ9JioJ52SLMZFh7NH6T", "provider"=>"twitter"}
  [1m[35m (0.0ms)[0m  [1m[35mSET NAMES utf8,  @@SESSION.sql_mode = CONCAT(CONCAT(@@sql_mode, ',STRICT_ALL_TABLES'), ',NO_AUTO_VALUE_ON_ZERO'),  @@SESSION.sql_auto_is_null = 0, @@SESSION.wait_timeout = 2147483[0m
  [1m[36mUser Load (0.5ms)[0m  [1m[34mSELECT  `users`.* FROM `users` WHERE `users`.`provider` = 'twitter' AND `users`.`uid` = '953343996121747456' ORDER BY `users`.`id` ASC LIMIT 1[0m
  [1m[35m (0.5ms)[0m  [1m[35mBEGIN[0m
  [1m[35mSQL (0.5ms)[0m  [1m[32mINSERT INTO `users` (`provider`, `uid`, `created_at`, `updated_at`) VALUES ('twitter', '953343996121747456', '2018-01-17 12:05:10', '2018-01-17 12:05:10')[0m
  [1m[35m (36.5ms)[0m  [1m[35mCOMMIT[0m
  [1m[35m (0.5ms)[0m  [1m[35mBEGIN[0m
  [1m[35m (0.0ms)[0m  [1m[31mROLLBACK[0m
Completed 500 Internal Server Error in 1134ms (ActiveRecord: 74.0ms)


  
ActiveModel::UnknownAttributeError (unknown attribute 'name' for User.):
  
app/models/user.rb:4:in `find_or_create_from_auth_hash'
app/controllers/sessions_controller.rb:3:in `create'
Started GET "/auth/twitter/callback?oauth_token=oxh67QAAAAAA4EFYAAABYQQCIRA&oauth_verifier=y6mVEhI5rmCKBJ9JioJ52SLMZFh7NH6T" for 127.0.0.1 at 2018-01-17 15:12:43 +0300
  
OAuth::Unauthorized (401 Authorization Required):
  
oauth (0.5.4) lib/oauth/consumer.rb:236:in `token_request'
oauth (0.5.4) lib/oauth/tokens/request_token.rb:20:in `get_access_token'
omniauth-oauth (1.1.0) lib/omniauth/strategies/oauth.rb:56:in `callback_phase'
omniauth (1.8.1) lib/omniauth/strategy.rb:236:in `callback_call'
omniauth (1.8.1) lib/omniauth/strategy.rb:188:in `call!'
omniauth (1.8.1) lib/omniauth/strategy.rb:168:in `call'
omniauth (1.8.1) lib/omniauth/builder.rb:63:in `call'
rack (2.0.3) lib/rack/etag.rb:25:in `call'
rack (2.0.3) lib/rack/conditional_get.rb:25:in `call'
rack (2.0.3) lib/rack/head.rb:12:in `call'
rack (2.0.3) lib/rack/session/abstract/id.rb:232:in `context'
rack (2.0.3) lib/rack/session/abstract/id.rb:226:in `call'
actionpack (5.1.4) lib/action_dispatch/middleware/cookies.rb:613:in `call'
activerecord (5.1.4) lib/active_record/migration.rb:556:in `call'
actionpack (5.1.4) lib/action_dispatch/middleware/callbacks.rb:26:in `block in call'
activesupport (5.1.4) lib/active_support/callbacks.rb:97:in `run_callbacks'
actionpack (5.1.4) lib/action_dispatch/middleware/callbacks.rb:24:in `call'
actionpack (5.1.4) lib/action_dispatch/middleware/executor.rb:12:in `call'
actionpack (5.1.4) lib/action_dispatch/middleware/debug_exceptions.rb:59:in `call'
web-console (3.5.1) lib/web_console/middleware.rb:135:in `call_app'
web-console (3.5.1) lib/web_console/middleware.rb:28:in `block in call'
web-console (3.5.1) lib/web_console/middleware.rb:18:in `catch'
web-console (3.5.1) lib/web_console/middleware.rb:18:in `call'
actionpack (5.1.4) lib/action_dispatch/middleware/show_exceptions.rb:31:in `call'
railties (5.1.4) lib/rails/rack/logger.rb:36:in `call_app'
railties (5.1.4) lib/rails/rack/logger.rb:24:in `block in call'
activesupport (5.1.4) lib/active_support/tagged_logging.rb:69:in `block in tagged'
activesupport (5.1.4) lib/active_support/tagged_logging.rb:26:in `tagged'
activesupport (5.1.4) lib/active_support/tagged_logging.rb:69:in `tagged'
railties (5.1.4) lib/rails/rack/logger.rb:24:in `call'
sprockets-rails (3.2.1) lib/sprockets/rails/quiet_assets.rb:13:in `call'
actionpack (5.1.4) lib/action_dispatch/middleware/remote_ip.rb:79:in `call'
actionpack (5.1.4) lib/action_dispatch/middleware/request_id.rb:25:in `call'
rack (2.0.3) lib/rack/method_override.rb:22:in `call'
rack (2.0.3) lib/rack/runtime.rb:22:in `call'
activesupport (5.1.4) lib/active_support/cache/strategy/local_cache_middleware.rb:27:in `call'
actionpack (5.1.4) lib/action_dispatch/middleware/executor.rb:12:in `call'
actionpack (5.1.4) lib/action_dispatch/middleware/static.rb:125:in `call'
rack (2.0.3) lib/rack/sendfile.rb:111:in `call'
railties (5.1.4) lib/rails/engine.rb:522:in `call'
puma (3.11.0) lib/puma/configuration.rb:225:in `call'
puma (3.11.0) lib/puma/server.rb:624:in `handle_request'
puma (3.11.0) lib/puma/server.rb:438:in `process_client'
puma (3.11.0) lib/puma/server.rb:302:in `block in run'
puma (3.11.0) lib/puma/thread_pool.rb:120:in `call'
puma (3.11.0) lib/puma/thread_pool.rb:120:in `block in spawn_thread'
Started GET "/" for 127.0.0.1 at 2018-01-17 15:13:13 +0300
  [1m[35m (0.5ms)[0m  [1m[35mSET NAMES utf8,  @@SESSION.sql_mode = CONCAT(CONCAT(@@sql_mode, ',STRICT_ALL_TABLES'), ',NO_AUTO_VALUE_ON_ZERO'),  @@SESSION.sql_auto_is_null = 0, @@SESSION.wait_timeout = 2147483[0m
  [1m[35m (8.5ms)[0m  [1m[34mSELECT `schema_migrations`.`version` FROM `schema_migrations` ORDER BY `schema_migrations`.`version` ASC[0m
Processing by PagesController#index as HTML
  Rendering pages/index.html.erb within layouts/application
  Rendered pages/index.html.erb within layouts/application (2.0ms)
  Rendered layouts/_navigation.html.erb (1.0ms)
Completed 200 OK in 845ms (Views: 824.9ms | ActiveRecord: 0.0ms)


Started GET "/auth/twitter" for 127.0.0.1 at 2018-01-17 15:13:35 +0300
Started GET "/auth/twitter" for 127.0.0.1 at 2018-01-17 15:13:35 +0300
Started GET "/auth/twitter/callback?oauth_token=IZdHUwAAAAAA4EFYAAABYQQKB1c&oauth_verifier=ssDmMrB2ssVIRZXp64HVcLxK0rKeoJvs" for 127.0.0.1 at 2018-01-17 15:13:37 +0300
Processing by SessionsController#create as HTML
  Parameters: {"oauth_token"=>"IZdHUwAAAAAA4EFYAAABYQQKB1c", "oauth_verifier"=>"ssDmMrB2ssVIRZXp64HVcLxK0rKeoJvs", "provider"=>"twitter"}
  [1m[35m (0.5ms)[0m  [1m[35mSET NAMES utf8,  @@SESSION.sql_mode = CONCAT(CONCAT(@@sql_mode, ',STRICT_ALL_TABLES'), ',NO_AUTO_VALUE_ON_ZERO'),  @@SESSION.sql_auto_is_null = 0, @@SESSION.wait_timeout = 2147483[0m
  [1m[36mUser Load (0.0ms)[0m  [1m[34mSELECT  `users`.* FROM `users` WHERE `users`.`provider` = 'twitter' AND `users`.`uid` = '953343996121747456' ORDER BY `users`.`id` ASC LIMIT 1[0m
  [1m[35m (0.0ms)[0m  [1m[35mBEGIN[0m
  [1m[35m (0.0ms)[0m  [1m[31mROLLBACK[0m
Completed 500 Internal Server Error in 1108ms (ActiveRecord: 25.8ms)


  
ActiveModel::UnknownAttributeError (unknown attribute 'name' for User.):
  
app/models/user.rb:4:in `find_or_create_from_auth_hash'
app/controllers/sessions_controller.rb:3:in `create'
Started GET "/auth/twitter/callback?oauth_token=IZdHUwAAAAAA4EFYAAABYQQKB1c&oauth_verifier=ssDmMrB2ssVIRZXp64HVcLxK0rKeoJvs" for 127.0.0.1 at 2018-01-17 15:23:53 +0300
  [1m[35m (0.5ms)[0m  [1m[35mSET NAMES utf8,  @@SESSION.sql_mode = CONCAT(CONCAT(@@sql_mode, ',STRICT_ALL_TABLES'), ',NO_AUTO_VALUE_ON_ZERO'),  @@SESSION.sql_auto_is_null = 0, @@SESSION.wait_timeout = 2147483[0m
  [1m[35m (7.0ms)[0m  [1m[34mSELECT `schema_migrations`.`version` FROM `schema_migrations` ORDER BY `schema_migrations`.`version` ASC[0m
  
OAuth::Unauthorized (401 Authorization Required):
  
oauth (0.5.4) lib/oauth/consumer.rb:236:in `token_request'
oauth (0.5.4) lib/oauth/tokens/request_token.rb:20:in `get_access_token'
omniauth-oauth (1.1.0) lib/omniauth/strategies/oauth.rb:56:in `callback_phase'
omniauth (1.8.1) lib/omniauth/strategy.rb:236:in `callback_call'
omniauth (1.8.1) lib/omniauth/strategy.rb:188:in `call!'
omniauth (1.8.1) lib/omniauth/strategy.rb:168:in `call'
omniauth (1.8.1) lib/omniauth/builder.rb:63:in `call'
rack (2.0.3) lib/rack/etag.rb:25:in `call'
rack (2.0.3) lib/rack/conditional_get.rb:25:in `call'
rack (2.0.3) lib/rack/head.rb:12:in `call'
rack (2.0.3) lib/rack/session/abstract/id.rb:232:in `context'
rack (2.0.3) lib/rack/session/abstract/id.rb:226:in `call'
actionpack (5.1.4) lib/action_dispatch/middleware/cookies.rb:613:in `call'
activerecord (5.1.4) lib/active_record/migration.rb:556:in `call'
actionpack (5.1.4) lib/action_dispatch/middleware/callbacks.rb:26:in `block in call'
activesupport (5.1.4) lib/active_support/callbacks.rb:97:in `run_callbacks'
actionpack (5.1.4) lib/action_dispatch/middleware/callbacks.rb:24:in `call'
actionpack (5.1.4) lib/action_dispatch/middleware/executor.rb:12:in `call'
actionpack (5.1.4) lib/action_dispatch/middleware/debug_exceptions.rb:59:in `call'
web-console (3.5.1) lib/web_console/middleware.rb:135:in `call_app'
web-console (3.5.1) lib/web_console/middleware.rb:28:in `block in call'
web-console (3.5.1) lib/web_console/middleware.rb:18:in `catch'
web-console (3.5.1) lib/web_console/middleware.rb:18:in `call'
actionpack (5.1.4) lib/action_dispatch/middleware/show_exceptions.rb:31:in `call'
railties (5.1.4) lib/rails/rack/logger.rb:36:in `call_app'
railties (5.1.4) lib/rails/rack/logger.rb:24:in `block in call'
activesupport (5.1.4) lib/active_support/tagged_logging.rb:69:in `block in tagged'
activesupport (5.1.4) lib/active_support/tagged_logging.rb:26:in `tagged'
activesupport (5.1.4) lib/active_support/tagged_logging.rb:69:in `tagged'
railties (5.1.4) lib/rails/rack/logger.rb:24:in `call'
sprockets-rails (3.2.1) lib/sprockets/rails/quiet_assets.rb:13:in `call'
actionpack (5.1.4) lib/action_dispatch/middleware/remote_ip.rb:79:in `call'
actionpack (5.1.4) lib/action_dispatch/middleware/request_id.rb:25:in `call'
rack (2.0.3) lib/rack/method_override.rb:22:in `call'
rack (2.0.3) lib/rack/runtime.rb:22:in `call'
activesupport (5.1.4) lib/active_support/cache/strategy/local_cache_middleware.rb:27:in `call'
actionpack (5.1.4) lib/action_dispatch/middleware/executor.rb:12:in `call'
actionpack (5.1.4) lib/action_dispatch/middleware/static.rb:125:in `call'
rack (2.0.3) lib/rack/sendfile.rb:111:in `call'
railties (5.1.4) lib/rails/engine.rb:522:in `call'
puma (3.11.0) lib/puma/configuration.rb:225:in `call'
puma (3.11.0) lib/puma/server.rb:624:in `handle_request'
puma (3.11.0) lib/puma/server.rb:438:in `process_client'
puma (3.11.0) lib/puma/server.rb:302:in `block in run'
puma (3.11.0) lib/puma/thread_pool.rb:120:in `call'
puma (3.11.0) lib/puma/thread_pool.rb:120:in `block in spawn_thread'
Started GET "/" for 127.0.0.1 at 2018-01-17 15:24:13 +0300
Processing by PagesController#index as HTML
  Rendering pages/index.html.erb within layouts/application
  Rendered pages/index.html.erb within layouts/application (0.5ms)
  Rendered layouts/_navigation.html.erb (0.5ms)
Completed 200 OK in 705ms (Views: 683.0ms | ActiveRecord: 0.0ms)


Started GET "/auth/twitter" for 127.0.0.1 at 2018-01-17 15:24:16 +0300
Started GET "/auth/twitter" for 127.0.0.1 at 2018-01-17 15:24:17 +0300
Started GET "/auth/twitter/callback?oauth_token=_rYNBAAAAAAA4EFYAAABYQQT0X8&oauth_verifier=7tUYnZTfbU58nGnRqjLEtz5eozdr1Ujq" for 127.0.0.1 at 2018-01-17 15:24:18 +0300
Processing by SessionsController#create as HTML
  Parameters: {"oauth_token"=>"_rYNBAAAAAAA4EFYAAABYQQT0X8", "oauth_verifier"=>"7tUYnZTfbU58nGnRqjLEtz5eozdr1Ujq", "provider"=>"twitter"}
  [1m[35m (0.5ms)[0m  [1m[35mSET NAMES utf8,  @@SESSION.sql_mode = CONCAT(CONCAT(@@sql_mode, ',STRICT_ALL_TABLES'), ',NO_AUTO_VALUE_ON_ZERO'),  @@SESSION.sql_auto_is_null = 0, @@SESSION.wait_timeout = 2147483[0m
  [1m[36mUser Load (0.0ms)[0m  [1m[34mSELECT  `users`.* FROM `users` WHERE `users`.`provider` = 'twitter' AND `users`.`uid` = '953343996121747456' ORDER BY `users`.`id` ASC LIMIT 1[0m
  [1m[35m (0.0ms)[0m  [1m[35mBEGIN[0m
  [1m[35m (0.0ms)[0m  [1m[31mROLLBACK[0m
Completed 500 Internal Server Error in 1058ms (ActiveRecord: 25.5ms)


  
ActiveModel::UnknownAttributeError (unknown attribute 'name' for User.):
  
app/models/user.rb:4:in `find_or_create_from_auth_hash'
app/controllers/sessions_controller.rb:3:in `create'
Started GET "/" for 127.0.0.1 at 2018-01-17 15:25:07 +0300
  [1m[35m (0.5ms)[0m  [1m[35mSET NAMES utf8,  @@SESSION.sql_mode = CONCAT(CONCAT(@@sql_mode, ',STRICT_ALL_TABLES'), ',NO_AUTO_VALUE_ON_ZERO'),  @@SESSION.sql_auto_is_null = 0, @@SESSION.wait_timeout = 2147483[0m
  [1m[35m (6.5ms)[0m  [1m[34mSELECT `schema_migrations`.`version` FROM `schema_migrations` ORDER BY `schema_migrations`.`version` ASC[0m
Processing by PagesController#index as HTML
  Rendering pages/index.html.erb within layouts/application
  Rendered pages/index.html.erb within layouts/application (1.5ms)
  Rendered layouts/_navigation.html.erb (1.0ms)
Completed 200 OK in 838ms (Views: 816.4ms | ActiveRecord: 0.0ms)


  [1m[35m (0.0ms)[0m  [1m[35mSET NAMES utf8,  @@SESSION.sql_mode = CONCAT(CONCAT(@@sql_mode, ',STRICT_ALL_TABLES'), ',NO_AUTO_VALUE_ON_ZERO'),  @@SESSION.sql_auto_is_null = 0, @@SESSION.wait_timeout = 2147483[0m
  [1m[35m (12.0ms)[0m  [1m[34mSELECT `schema_migrations`.`version` FROM `schema_migrations` ORDER BY `schema_migrations`.`version` ASC[0m
  [1m[35m (0.0ms)[0m  [1m[34mSELECT GET_LOCK(1813244405997205755, 0)[0m
  [1m[35m (0.0ms)[0m  [1m[34mSELECT `schema_migrations`.`version` FROM `schema_migrations` ORDER BY `schema_migrations`.`version` ASC[0m
Migrating to CreateUsers (20180117104425)
  [1m[35m (55.0ms)[0m  [1m[35mDROP TABLE `users`[0m
  [1m[35mSQL (74.7ms)[0m  [1m[31mDELETE FROM `schema_migrations` WHERE `schema_migrations`.`version` = '20180117104425'[0m
  [1m[35m (0.0ms)[0m  [1m[34mSELECT RELEASE_LOCK(1813244405997205755)[0m
  [1m[35m (0.0ms)[0m  [1m[34mSELECT `schema_migrations`.`version` FROM `schema_migrations` ORDER BY `schema_migrations`.`version` ASC[0m
  [1m[35m (0.0ms)[0m  [1m[35mSET NAMES utf8,  @@SESSION.sql_mode = CONCAT(CONCAT(@@sql_mode, ',STRICT_ALL_TABLES'), ',NO_AUTO_VALUE_ON_ZERO'),  @@SESSION.sql_auto_is_null = 0, @@SESSION.wait_timeout = 2147483[0m
  [1m[35m (0.0ms)[0m  [1m[34mSELECT GET_LOCK(1813244405997205755, 0)[0m
  [1m[35m (6.5ms)[0m  [1m[34mSELECT `schema_migrations`.`version` FROM `schema_migrations` ORDER BY `schema_migrations`.`version` ASC[0m
Migrating to CreateUsers (20180117104425)
  [1m[35m (165.7ms)[0m  [1m[35mCREATE TABLE `users` (`id` bigint NOT NULL AUTO_INCREMENT PRIMARY KEY, `provider` varchar(255), `uid` varchar(255), `name` varchar(255), `token` varchar(255), `secret` varchar(255), `profile_image` varchar(255), `created_at` datetime NOT NULL, `updated_at` datetime NOT NULL) ENGINE=InnoDB[0m
  [1m[35m (0.0ms)[0m  [1m[35mBEGIN[0m
  [1m[35mSQL (0.0ms)[0m  [1m[32mINSERT INTO `schema_migrations` (`version`) VALUES ('20180117104425')[0m
  [1m[35m (295.3ms)[0m  [1m[35mCOMMIT[0m
  [1m[36mActiveRecord::InternalMetadata Load (10.0ms)[0m  [1m[34mSELECT  `ar_internal_metadata`.* FROM `ar_internal_metadata` WHERE `ar_internal_metadata`.`key` = 'environment' LIMIT 1[0m
  [1m[35m (0.0ms)[0m  [1m[35mBEGIN[0m
  [1m[35m (0.0ms)[0m  [1m[35mCOMMIT[0m
  [1m[35m (0.5ms)[0m  [1m[34mSELECT RELEASE_LOCK(1813244405997205755)[0m
  [1m[35m (0.0ms)[0m  [1m[34mSELECT `schema_migrations`.`version` FROM `schema_migrations` ORDER BY `schema_migrations`.`version` ASC[0m
Started GET "/" for 127.0.0.1 at 2018-01-17 15:35:17 +0300
  [1m[35m (0.0ms)[0m  [1m[35mSET NAMES utf8,  @@SESSION.sql_mode = CONCAT(CONCAT(@@sql_mode, ',STRICT_ALL_TABLES'), ',NO_AUTO_VALUE_ON_ZERO'),  @@SESSION.sql_auto_is_null = 0, @@SESSION.wait_timeout = 2147483[0m
  [1m[35m (6.5ms)[0m  [1m[34mSELECT `schema_migrations`.`version` FROM `schema_migrations` ORDER BY `schema_migrations`.`version` ASC[0m
Processing by PagesController#index as HTML
  Rendering pages/index.html.erb within layouts/application
  Rendered pages/index.html.erb within layouts/application (5.5ms)
  Rendered layouts/_navigation.html.erb (0.5ms)
Completed 200 OK in 1957ms (Views: 1931.5ms | ActiveRecord: 0.0ms)


Started GET "/auth/twitter" for 127.0.0.1 at 2018-01-17 15:35:40 +0300
Started GET "/auth/twitter" for 127.0.0.1 at 2018-01-17 15:35:40 +0300
Started GET "/auth/twitter/callback?oauth_token=t-TrwwAAAAAA4EFYAAABYQQePuc&oauth_verifier=VcQLIVl9QE0oOsm28dxmyqakLL9uO6KA" for 127.0.0.1 at 2018-01-17 15:35:42 +0300
Processing by SessionsController#create as HTML
  Parameters: {"oauth_token"=>"t-TrwwAAAAAA4EFYAAABYQQePuc", "oauth_verifier"=>"VcQLIVl9QE0oOsm28dxmyqakLL9uO6KA", "provider"=>"twitter"}
  [1m[35m (0.5ms)[0m  [1m[35mSET NAMES utf8,  @@SESSION.sql_mode = CONCAT(CONCAT(@@sql_mode, ',STRICT_ALL_TABLES'), ',NO_AUTO_VALUE_ON_ZERO'),  @@SESSION.sql_auto_is_null = 0, @@SESSION.wait_timeout = 2147483[0m
  [1m[36mUser Load (0.5ms)[0m  [1m[34mSELECT  `users`.* FROM `users` WHERE `users`.`provider` = 'twitter' AND `users`.`uid` = '953343996121747456' ORDER BY `users`.`id` ASC LIMIT 1[0m
  [1m[35m (0.0ms)[0m  [1m[35mBEGIN[0m
  [1m[35mSQL (0.0ms)[0m  [1m[32mINSERT INTO `users` (`provider`, `uid`, `created_at`, `updated_at`) VALUES ('twitter', '953343996121747456', '2018-01-17 12:35:45', '2018-01-17 12:35:45')[0m
  [1m[35m (46.7ms)[0m  [1m[35mCOMMIT[0m
  [1m[35m (0.0ms)[0m  [1m[35mBEGIN[0m
  [1m[35mSQL (0.5ms)[0m  [1m[33mUPDATE `users` SET `name` = 'Влад Потапов', `token` = '953343996121747456-Fpu1lFVNp6vDNAlQ7SDqZm9EEpUnrZh', `secret` = 'qCGIvMoj9Sh6PBWBAbDDWv1SC2Ry9ypFXO4MdyEbJyIia', `profile_image` = 'http://abs.twimg.com/sticky/default_profile_images/default_profile_normal.png' WHERE `users`.`id` = 1[0m
  [1m[35m (48.3ms)[0m  [1m[35mCOMMIT[0m
Redirected to http://localhost:3000/
Completed 302 Found in 1180ms (ActiveRecord: 122.0ms)


Started GET "/" for 127.0.0.1 at 2018-01-17 15:35:45 +0300
Processing by PagesController#index as HTML
  Rendering pages/index.html.erb within layouts/application
  Rendered pages/index.html.erb within layouts/application (0.5ms)
  [1m[36mUser Load (0.5ms)[0m  [1m[34mSELECT  `users`.* FROM `users` WHERE `users`.`id` = 1 LIMIT 1[0m
  Rendered layouts/_navigation.html.erb (61.5ms)
Completed 200 OK in 387ms (Views: 360.0ms | ActiveRecord: 0.5ms)


Started DELETE "/logout" for 127.0.0.1 at 2018-01-17 15:35:54 +0300
Processing by SessionsController#destroy as HTML
  Parameters: {"authenticity_token"=>"G3Sb/Qd/et45jc3LmTwbKsHE7r+S/obSx0MLVryiTj9V0j+N+ErHhaV7cSWreHJaePg1WKvMTVwijVcWxcd8wQ=="}
  [1m[36mUser Load (0.5ms)[0m  [1m[34mSELECT  `users`.* FROM `users` WHERE `users`.`id` = 1 LIMIT 1[0m
Redirected to http://localhost:3000/
Completed 302 Found in 2ms (ActiveRecord: 0.5ms)


Started GET "/" for 127.0.0.1 at 2018-01-17 15:35:54 +0300
Processing by PagesController#index as HTML
  Rendering pages/index.html.erb within layouts/application
  Rendered pages/index.html.erb within layouts/application (0.5ms)
  Rendered layouts/_navigation.html.erb (1.0ms)
Completed 200 OK in 263ms (Views: 241.5ms | ActiveRecord: 0.0ms)


Started GET "/" for 127.0.0.1 at 2018-01-17 15:45:42 +0300
  [1m[35m (0.5ms)[0m  [1m[35mSET NAMES utf8,  @@SESSION.sql_mode = CONCAT(CONCAT(@@sql_mode, ',STRICT_ALL_TABLES'), ',NO_AUTO_VALUE_ON_ZERO'),  @@SESSION.sql_auto_is_null = 0, @@SESSION.wait_timeout = 2147483[0m
  [1m[35m (7.0ms)[0m  [1m[34mSELECT `schema_migrations`.`version` FROM `schema_migrations` ORDER BY `schema_migrations`.`version` ASC[0m
Processing by PagesController#index as HTML
  Rendering pages/index.html.erb within layouts/application
  Rendered pages/index.html.erb within layouts/application (3.0ms)
Completed 500 Internal Server Error in 3857ms (ActiveRecord: 0.0ms)


  
ActionView::Template::Error (File to import not found or unreadable: font-awesome-rails.
Load paths:
  C:/Users/vladp/RubymineProjects/Authorizer/Authorizer/app/assets/config
  C:/Users/vladp/RubymineProjects/Authorizer/Authorizer/app/assets/fonts
  C:/Users/vladp/RubymineProjects/Authorizer/Authorizer/app/assets/images
  C:/Users/vladp/RubymineProjects/Authorizer/Authorizer/app/assets/javascripts
  C:/Users/vladp/RubymineProjects/Authorizer/Authorizer/app/assets/stylesheets
  C:/Users/vladp/RubymineProjects/Authorizer/Authorizer/vendor/assets/javascripts
  C:/RailsInstaller/Ruby2.2.0/lib/ruby/gems/2.2.0/gems/font-awesome-rails-4.7.0.3/app/assets/fonts
  C:/RailsInstaller/Ruby2.2.0/lib/ruby/gems/2.2.0/gems/font-awesome-rails-4.7.0.3/app/assets/stylesheets
  C:/RailsInstaller/Ruby2.2.0/lib/ruby/gems/2.2.0/gems/coffee-rails-4.2.2/lib/assets/javascripts
  C:/RailsInstaller/Ruby2.2.0/lib/ruby/gems/2.2.0/gems/actioncable-5.1.4/lib/assets/compiled
  C:/RailsInstaller/Ruby2.2.0/lib/ruby/gems/2.2.0/gems/actionview-5.1.4/lib/assets/compiled
  C:/RailsInstaller/Ruby2.2.0/lib/ruby/gems/2.2.0/gems/turbolinks-source-5.1.0/lib/assets/javascripts
  C:/Users/vladp/RubymineProjects/Authorizer/Authorizer/node_modules
  C:/RailsInstaller/Ruby2.2.0/lib/ruby/gems/2.2.0/gems/bootstrap-sass-3.3.7/assets/stylesheets
  C:/RailsInstaller/Ruby2.2.0/lib/ruby/gems/2.2.0/gems/bootstrap-sass-3.3.7/assets/javascripts
  C:/RailsInstaller/Ruby2.2.0/lib/ruby/gems/2.2.0/gems/bootstrap-sass-3.3.7/assets/fonts
  C:/RailsInstaller/Ruby2.2.0/lib/ruby/gems/2.2.0/gems/bootstrap-sass-3.3.7/assets/images
  C:/RailsInstaller/Ruby2.2.0/lib/ruby/gems/2.2.0/gems/bootstrap-sass-3.3.7/assets/stylesheets):
    4:     <title>Authorizer</title>
    5:     <%= csrf_meta_tags %>
    6: 
    7:     <%= stylesheet_link_tag    'application', media: 'all', 'data-turbolinks-track': 'reload' %>
    8:     <%= javascript_include_tag 'application', 'data-turbolinks-track': 'reload' %>
    9:   </head>
   10: 
  
app/assets/stylesheets/application.scss:3
app/views/layouts/application.html.erb:7:in `_app_views_layouts_application_html_erb__384043571_60656304'
Started GET "/" for 127.0.0.1 at 2018-01-17 15:49:57 +0300
  [1m[35m (0.5ms)[0m  [1m[35mSET NAMES utf8,  @@SESSION.sql_mode = CONCAT(CONCAT(@@sql_mode, ',STRICT_ALL_TABLES'), ',NO_AUTO_VALUE_ON_ZERO'),  @@SESSION.sql_auto_is_null = 0, @@SESSION.wait_timeout = 2147483[0m
  [1m[35m (7.0ms)[0m  [1m[34mSELECT `schema_migrations`.`version` FROM `schema_migrations` ORDER BY `schema_migrations`.`version` ASC[0m
Processing by PagesController#index as HTML
  Rendering pages/index.html.erb within layouts/application
  Rendered pages/index.html.erb within layouts/application (3.0ms)
  Rendered layouts/_navigation.html.erb (0.5ms)
Completed 200 OK in 10901ms (Views: 10875.6ms | ActiveRecord: 0.0ms)


Started GET "/" for 127.0.0.1 at 2018-01-17 15:50:35 +0300
Processing by PagesController#index as HTML
  Rendering pages/index.html.erb within layouts/application
  Rendered pages/index.html.erb within layouts/application (0.5ms)
  Rendered layouts/_navigation.html.erb (0.5ms)
Completed 200 OK in 255ms (Views: 232.8ms | ActiveRecord: 0.0ms)


Started GET "/" for 127.0.0.1 at 2018-01-17 15:53:25 +0300
Processing by PagesController#index as HTML
  Rendering pages/index.html.erb within layouts/application
  Rendered pages/index.html.erb within layouts/application (0.5ms)
  Rendered layouts/_navigation.html.erb (1.0ms)
Completed 200 OK in 296ms (Views: 266.9ms | ActiveRecord: 0.0ms)


Started GET "/" for 127.0.0.1 at 2018-01-17 15:55:25 +0300
  [1m[35m (0.5ms)[0m  [1m[35mSET NAMES utf8,  @@SESSION.sql_mode = CONCAT(CONCAT(@@sql_mode, ',STRICT_ALL_TABLES'), ',NO_AUTO_VALUE_ON_ZERO'),  @@SESSION.sql_auto_is_null = 0, @@SESSION.wait_timeout = 2147483[0m
  [1m[35m (7.5ms)[0m  [1m[34mSELECT `schema_migrations`.`version` FROM `schema_migrations` ORDER BY `schema_migrations`.`version` ASC[0m
Processing by PagesController#index as HTML
  Rendering pages/index.html.erb within layouts/application
  Rendered pages/index.html.erb within layouts/application (2.0ms)
  Rendered layouts/_navigation.html.erb (2.0ms)
Completed 500 Internal Server Error in 903ms (ActiveRecord: 0.0ms)


  
SyntaxError (C:/Users/vladp/RubymineProjects/Authorizer/Authorizer/app/views/layouts/_navigation.html.erb:13: syntax error, unexpected tIDENTIFIER, expecting ')'
....append=( link_to "<i class="fa fa-twitter fa-lg" aria-hidde...
...                               ^
C:/Users/vladp/RubymineProjects/Authorizer/Authorizer/app/views/layouts/_navigation.html.erb:13: syntax error, unexpected tIDENTIFIER, expecting keyword_do or '{' or '('
..._to "<i class="fa fa-twitter fa-lg" aria-hidden="true"></i>"...
...                               ^
C:/Users/vladp/RubymineProjects/Authorizer/Authorizer/app/views/layouts/_navigation.html.erb:13: syntax error, unexpected tSTRING_BEG, expecting keyword_do or '{' or '('
..."<i class="fa fa-twitter fa-lg" aria-hidden="true"></i>", "/...
...                               ^
C:/Users/vladp/RubymineProjects/Authorizer/Authorizer/app/views/layouts/_navigation.html.erb:13: syntax error, unexpected keyword_true, expecting ')'
...witter fa-lg" aria-hidden="true"></i>", "/auth/twitter" );@o...
...                               ^
C:/Users/vladp/RubymineProjects/Authorizer/Authorizer/app/views/layouts/_navigation.html.erb:13: syntax error, unexpected ',', expecting ')'
...a-lg" aria-hidden="true"></i>", "/auth/twitter" );@output_bu...
...                               ^):
  
app/views/layouts/_navigation.html.erb:13: syntax error, unexpected tIDENTIFIER, expecting ')'
app/views/layouts/_navigation.html.erb:13: syntax error, unexpected tIDENTIFIER, expecting keyword_do or '{' or '('
app/views/layouts/_navigation.html.erb:13: syntax error, unexpected tSTRING_BEG, expecting keyword_do or '{' or '('
app/views/layouts/_navigation.html.erb:13: syntax error, unexpected keyword_true, expecting ')'
app/views/layouts/_navigation.html.erb:13: syntax error, unexpected ',', expecting ')'
app/views/layouts/application.html.erb:12:in `_app_views_layouts_application_html_erb___628790720_61037088'
Started GET "/" for 127.0.0.1 at 2018-01-17 15:57:13 +0300
  [1m[35m (1.5ms)[0m  [1m[35mSET NAMES utf8,  @@SESSION.sql_mode = CONCAT(CONCAT(@@sql_mode, ',STRICT_ALL_TABLES'), ',NO_AUTO_VALUE_ON_ZERO'),  @@SESSION.sql_auto_is_null = 0, @@SESSION.wait_timeout = 2147483[0m
  [1m[35m (11.0ms)[0m  [1m[34mSELECT `schema_migrations`.`version` FROM `schema_migrations` ORDER BY `schema_migrations`.`version` ASC[0m
Processing by PagesController#index as HTML
  Rendering pages/index.html.erb within layouts/application
  Rendered pages/index.html.erb within layouts/application (2.5ms)
  Rendered layouts/_navigation.html.erb (0.5ms)
Completed 200 OK in 960ms (Views: 916.2ms | ActiveRecord: 0.0ms)


Started GET "/" for 127.0.0.1 at 2018-01-17 15:58:19 +0300
  [1m[35m (0.0ms)[0m  [1m[35mSET NAMES utf8,  @@SESSION.sql_mode = CONCAT(CONCAT(@@sql_mode, ',STRICT_ALL_TABLES'), ',NO_AUTO_VALUE_ON_ZERO'),  @@SESSION.sql_auto_is_null = 0, @@SESSION.wait_timeout = 2147483[0m
  [1m[35m (7.0ms)[0m  [1m[34mSELECT `schema_migrations`.`version` FROM `schema_migrations` ORDER BY `schema_migrations`.`version` ASC[0m
Processing by PagesController#index as HTML
  Rendering pages/index.html.erb within layouts/application
  Rendered pages/index.html.erb within layouts/application (2.5ms)
  Rendered layouts/_navigation.html.erb (1.0ms)
Completed 200 OK in 894ms (Views: 871.8ms | ActiveRecord: 0.0ms)


Started GET "/" for 127.0.0.1 at 2018-01-17 15:58:41 +0300
Processing by PagesController#index as HTML
  Rendering pages/index.html.erb within layouts/application
  Rendered pages/index.html.erb within layouts/application (1.0ms)
  Rendered layouts/_navigation.html.erb (0.5ms)
Completed 200 OK in 288ms (Views: 268.1ms | ActiveRecord: 0.0ms)


Started GET "/" for 127.0.0.1 at 2018-01-17 22:17:18 +0300
  [1m[35m (1.0ms)[0m  [1m[35mSET NAMES utf8,  @@SESSION.sql_mode = CONCAT(CONCAT(@@sql_mode, ',STRICT_ALL_TABLES'), ',NO_AUTO_VALUE_ON_ZERO'),  @@SESSION.sql_auto_is_null = 0, @@SESSION.wait_timeout = 2147483[0m
  [1m[35m (37.5ms)[0m  [1m[34mSELECT `schema_migrations`.`version` FROM `schema_migrations` ORDER BY `schema_migrations`.`version` ASC[0m
Processing by PagesController#index as HTML
  Rendering pages/index.html.erb within layouts/application
  Rendered pages/index.html.erb within layouts/application (4.0ms)
Started GET "/" for 127.0.0.1 at 2018-01-17 22:17:22 +0300
Processing by PagesController#index as HTML
  Rendering pages/index.html.erb within layouts/application
  Rendered pages/index.html.erb within layouts/application (0.5ms)
Completed 500 Internal Server Error in 2137ms (ActiveRecord: 0.0ms)


  
ActionView::Template::Error (Permission denied @ utime_failed - C:/Users/vladp/RubymineProjects/Authorizer/Authorizer/tmp/cache/assets/sprockets/v3.0/4A/4AMHyp6YuCczxNAfln9-hhRBgzXB-mkpfhfNBhELO9I.cache):
     5:     <%= csrf_meta_tags %>
     6: 
     7:     <%= stylesheet_link_tag    'application', media: 'all', 'data-turbolinks-track': 'reload' %>
     8:     <%= javascript_include_tag 'application', 'data-turbolinks-track': 'reload' %>
     9:   </head>
    10: 
    11:   <body>
  
app/views/layouts/application.html.erb:8:in `_app_views_layouts_application_html_erb___873591827_60945792'
  Rendered layouts/_navigation.html.erb (0.5ms)
Completed 500 Internal Server Error in 1047ms (ActiveRecord: 0.0ms)


  
SyntaxError (C:/Users/vladp/RubymineProjects/Authorizer/Authorizer/app/views/layouts/_navigation.html.erb:24: syntax error, unexpected keyword_ensure, expecting end-of-input):
  
app/views/layouts/_navigation.html.erb:24: syntax error, unexpected keyword_ensure, expecting end-of-input
app/views/layouts/application.html.erb:12:in `_app_views_layouts_application_html_erb___873591827_43895220'
Started GET "/" for 127.0.0.1 at 2018-01-17 22:24:32 +0300
  [1m[35m (0.5ms)[0m  [1m[35mSET NAMES utf8,  @@SESSION.sql_mode = CONCAT(CONCAT(@@sql_mode, ',STRICT_ALL_TABLES'), ',NO_AUTO_VALUE_ON_ZERO'),  @@SESSION.sql_auto_is_null = 0, @@SESSION.wait_timeout = 2147483[0m
  [1m[35m (9.0ms)[0m  [1m[34mSELECT `schema_migrations`.`version` FROM `schema_migrations` ORDER BY `schema_migrations`.`version` ASC[0m
Processing by PagesController#index as HTML
  Rendering pages/index.html.erb within layouts/application
  Rendered pages/index.html.erb within layouts/application (2.5ms)
  Rendered layouts/_navigation.html.erb (6.5ms)
Completed 500 Internal Server Error in 1448ms (ActiveRecord: 0.0ms)


  
SyntaxError (C:/Users/vladp/RubymineProjects/Authorizer/Authorizer/app/views/layouts/_navigation.html.erb:24: syntax error, unexpected keyword_ensure, expecting end-of-input):
  
app/views/layouts/_navigation.html.erb:24: syntax error, unexpected keyword_ensure, expecting end-of-input
app/views/layouts/application.html.erb:12:in `_app_views_layouts_application_html_erb__675444607_61848840'
Started GET "/" for 127.0.0.1 at 2018-01-17 22:24:36 +0300
Processing by PagesController#index as HTML
  Rendering pages/index.html.erb within layouts/application
  Rendered pages/index.html.erb within layouts/application (2.0ms)
  Rendered layouts/_navigation.html.erb (1.5ms)
Completed 500 Internal Server Error in 833ms (ActiveRecord: 0.0ms)


  
SyntaxError (C:/Users/vladp/RubymineProjects/Authorizer/Authorizer/app/views/layouts/_navigation.html.erb:24: syntax error, unexpected keyword_ensure, expecting end-of-input):
  
app/views/layouts/_navigation.html.erb:24: syntax error, unexpected keyword_ensure, expecting end-of-input
app/views/layouts/application.html.erb:12:in `_app_views_layouts_application_html_erb__675444607_105587652'
Started GET "/" for 127.0.0.1 at 2018-01-17 22:26:32 +0300
  [1m[35m (0.0ms)[0m  [1m[35mSET NAMES utf8,  @@SESSION.sql_mode = CONCAT(CONCAT(@@sql_mode, ',STRICT_ALL_TABLES'), ',NO_AUTO_VALUE_ON_ZERO'),  @@SESSION.sql_auto_is_null = 0, @@SESSION.wait_timeout = 2147483[0m
  [1m[35m (6.0ms)[0m  [1m[34mSELECT `schema_migrations`.`version` FROM `schema_migrations` ORDER BY `schema_migrations`.`version` ASC[0m
Processing by PagesController#index as HTML
  Rendering pages/index.html.erb within layouts/application
  Rendered pages/index.html.erb within layouts/application (2.5ms)
  Rendered layouts/_navigation.html.erb (1.0ms)
Completed 200 OK in 879ms (Views: 854.3ms | ActiveRecord: 0.0ms)


Started GET "/" for 127.0.0.1 at 2018-01-17 22:26:57 +0300
Processing by PagesController#index as HTML
  Rendering pages/index.html.erb within layouts/application
  Rendered pages/index.html.erb within layouts/application (0.5ms)
  Rendered layouts/_navigation.html.erb (1.0ms)
Completed 200 OK in 518ms (Views: 492.8ms | ActiveRecord: 0.0ms)


Started GET "/" for 127.0.0.1 at 2018-01-17 22:30:52 +0300
  [1m[35m (0.5ms)[0m  [1m[35mSET NAMES utf8,  @@SESSION.sql_mode = CONCAT(CONCAT(@@sql_mode, ',STRICT_ALL_TABLES'), ',NO_AUTO_VALUE_ON_ZERO'),  @@SESSION.sql_auto_is_null = 0, @@SESSION.wait_timeout = 2147483[0m
  [1m[35m (16.0ms)[0m  [1m[34mSELECT `schema_migrations`.`version` FROM `schema_migrations` ORDER BY `schema_migrations`.`version` ASC[0m
Processing by PagesController#index as HTML
  Rendering pages/index.html.erb within layouts/application
  Rendered pages/index.html.erb within layouts/application (4.0ms)
  Rendered layouts/_navigation.html.erb (1.0ms)
Completed 200 OK in 1135ms (Views: 1063.1ms | ActiveRecord: 0.0ms)


Started GET "/" for 127.0.0.1 at 2018-01-17 22:31:15 +0300
Started GET "/" for 127.0.0.1 at 2018-01-17 22:31:15 +0300
Processing by PagesController#index as HTML
Processing by PagesController#index as HTML
  Rendering pages/index.html.erb within layouts/application
  Rendered pages/index.html.erb within layouts/application (0.5ms)
  Rendering pages/index.html.erb within layouts/application
  Rendered pages/index.html.erb within layouts/application (0.0ms)
Completed 500 Internal Server Error in 367ms (ActiveRecord: 0.0ms)


  
ActionView::Template::Error (Permission denied @ utime_failed - C:/Users/vladp/RubymineProjects/Authorizer/Authorizer/tmp/cache/assets/sprockets/v3.0/Zl/Zl2pzWAntr9Ua5-rxZI6flgNVDzL-PWmfJxrg8Uo0kY.cache):
    4:     <title>Authorizer</title>
    5:     <%= csrf_meta_tags %>
    6: 
    7:     <%= stylesheet_link_tag    'application', media: 'all', 'data-turbolinks-track': 'reload' %>
    8:     <%= javascript_include_tag 'application', 'data-turbolinks-track': 'reload' %>
    9:   </head>
   10: 
  
app/views/layouts/application.html.erb:7:in `_app_views_layouts_application_html_erb___342982433_94381512'
  Rendered layouts/_navigation.html.erb (1.0ms)
Completed 200 OK in 661ms (Views: 590.2ms | ActiveRecord: 0.0ms)


Started GET "/" for 127.0.0.1 at 2018-01-17 22:33:10 +0300
  [1m[35m (0.5ms)[0m  [1m[35mSET NAMES utf8,  @@SESSION.sql_mode = CONCAT(CONCAT(@@sql_mode, ',STRICT_ALL_TABLES'), ',NO_AUTO_VALUE_ON_ZERO'),  @@SESSION.sql_auto_is_null = 0, @@SESSION.wait_timeout = 2147483[0m
  [1m[35m (17.5ms)[0m  [1m[34mSELECT `schema_migrations`.`version` FROM `schema_migrations` ORDER BY `schema_migrations`.`version` ASC[0m
Processing by PagesController#index as HTML
  Rendering pages/index.html.erb within layouts/application
  Rendered pages/index.html.erb within layouts/application (4.5ms)
  Rendered layouts/_navigation.html.erb (0.5ms)
Completed 200 OK in 1253ms (Views: 1185.9ms | ActiveRecord: 0.0ms)


Started GET "/" for 127.0.0.1 at 2018-01-17 22:34:26 +0300
  [1m[35m (0.5ms)[0m  [1m[35mSET NAMES utf8,  @@SESSION.sql_mode = CONCAT(CONCAT(@@sql_mode, ',STRICT_ALL_TABLES'), ',NO_AUTO_VALUE_ON_ZERO'),  @@SESSION.sql_auto_is_null = 0, @@SESSION.wait_timeout = 2147483[0m
  [1m[35m (20.0ms)[0m  [1m[34mSELECT `schema_migrations`.`version` FROM `schema_migrations` ORDER BY `schema_migrations`.`version` ASC[0m
Processing by PagesController#index as HTML
  Rendering pages/index.html.erb within layouts/application
  Rendered pages/index.html.erb within layouts/application (5.5ms)
  Rendered layouts/_navigation.html.erb (1.0ms)
Completed 200 OK in 1830ms (Views: 1768.1ms | ActiveRecord: 0.0ms)


Started GET "/" for 127.0.0.1 at 2018-01-17 22:37:16 +0300
  [1m[35m (0.0ms)[0m  [1m[35mSET NAMES utf8,  @@SESSION.sql_mode = CONCAT(CONCAT(@@sql_mode, ',STRICT_ALL_TABLES'), ',NO_AUTO_VALUE_ON_ZERO'),  @@SESSION.sql_auto_is_null = 0, @@SESSION.wait_timeout = 2147483[0m
  [1m[35m (14.0ms)[0m  [1m[34mSELECT `schema_migrations`.`version` FROM `schema_migrations` ORDER BY `schema_migrations`.`version` ASC[0m
Processing by PagesController#index as HTML
  Rendering pages/index.html.erb within layouts/application
  Rendered pages/index.html.erb within layouts/application (5.0ms)
  Rendered layouts/_navigation.html.erb (1.0ms)
Completed 500 Internal Server Error in 1055ms (ActiveRecord: 0.0ms)


  
SyntaxError (C:/Users/vladp/RubymineProjects/Authorizer/Authorizer/app/views/layouts/_navigation.html.erb:14: syntax error, unexpected tSTRING_BEG, expecting ')'
...ink_to content_tag(:i, :class 'fa fa-twitter fa-lg'), "/auth...
...                               ^
C:/Users/vladp/RubymineProjects/Authorizer/Authorizer/app/views/layouts/_navigation.html.erb:14: syntax error, unexpected ')', expecting keyword_end
...tter fa-lg'), "/auth/twitter" );@output_buffer.safe_append='
...                               ^):
  
app/views/layouts/_navigation.html.erb:14: syntax error, unexpected tSTRING_BEG, expecting ')'
app/views/layouts/_navigation.html.erb:14: syntax error, unexpected ')', expecting keyword_end
app/views/layouts/application.html.erb:12:in `_app_views_layouts_application_html_erb___771373351_61026804'
Started GET "/" for 127.0.0.1 at 2018-01-17 22:44:13 +0300
  [1m[35m (0.5ms)[0m  [1m[35mSET NAMES utf8,  @@SESSION.sql_mode = CONCAT(CONCAT(@@sql_mode, ',STRICT_ALL_TABLES'), ',NO_AUTO_VALUE_ON_ZERO'),  @@SESSION.sql_auto_is_null = 0, @@SESSION.wait_timeout = 2147483[0m
  [1m[35m (9.5ms)[0m  [1m[34mSELECT `schema_migrations`.`version` FROM `schema_migrations` ORDER BY `schema_migrations`.`version` ASC[0m
Processing by PagesController#index as HTML
  Rendering pages/index.html.erb within layouts/application
  Rendered pages/index.html.erb within layouts/application (3.0ms)
  Rendered layouts/_navigation.html.erb (1.0ms)
Completed 500 Internal Server Error in 939ms (ActiveRecord: 0.0ms)


  
SyntaxError (C:/Users/vladp/RubymineProjects/Authorizer/Authorizer/app/views/layouts/_navigation.html.erb:16: syntax error, unexpected keyword_end
...eze;@output_buffer.append=( end );@output_buffer.safe_append...
...                               ^
C:/Users/vladp/RubymineProjects/Authorizer/Authorizer/app/views/layouts/_navigation.html.erb:18: syntax error, unexpected keyword_end, expecting ')'
'.freeze;         end 
                     ^
C:/Users/vladp/RubymineProjects/Authorizer/Authorizer/app/views/layouts/_navigation.html.erb:24: syntax error, unexpected keyword_ensure, expecting ')'
C:/Users/vladp/RubymineProjects/Authorizer/Authorizer/app/views/layouts/_navigation.html.erb:26: syntax error, unexpected keyword_end, expecting ')'):
  
app/views/layouts/_navigation.html.erb:16: syntax error, unexpected keyword_end
app/views/layouts/_navigation.html.erb:18: syntax error, unexpected keyword_end, expecting ')'
app/views/layouts/_navigation.html.erb:24: syntax error, unexpected keyword_ensure, expecting ')'
app/views/layouts/_navigation.html.erb:26: syntax error, unexpected keyword_end, expecting ')'
app/views/layouts/application.html.erb:12:in `_app_views_layouts_application_html_erb__314261610_61009080'
Started GET "/" for 127.0.0.1 at 2018-01-17 22:47:30 +0300
  [1m[35m (0.5ms)[0m  [1m[35mSET NAMES utf8,  @@SESSION.sql_mode = CONCAT(CONCAT(@@sql_mode, ',STRICT_ALL_TABLES'), ',NO_AUTO_VALUE_ON_ZERO'),  @@SESSION.sql_auto_is_null = 0, @@SESSION.wait_timeout = 2147483[0m
  [1m[35m (24.5ms)[0m  [1m[34mSELECT `schema_migrations`.`version` FROM `schema_migrations` ORDER BY `schema_migrations`.`version` ASC[0m
Processing by PagesController#index as HTML
  Rendering pages/index.html.erb within layouts/application
  Rendered pages/index.html.erb within layouts/application (3.5ms)
  Rendered layouts/_navigation.html.erb (1.0ms)
Completed 500 Internal Server Error in 1929ms (ActiveRecord: 0.0ms)


  
SyntaxError (C:/Users/vladp/RubymineProjects/Authorizer/Authorizer/app/views/layouts/_navigation.html.erb:16: syntax error, unexpected keyword_end
...eze;@output_buffer.append=( end );@output_buffer.safe_append...
...                               ^
C:/Users/vladp/RubymineProjects/Authorizer/Authorizer/app/views/layouts/_navigation.html.erb:18: syntax error, unexpected keyword_end, expecting ')'
'.freeze;         end 
                     ^
C:/Users/vladp/RubymineProjects/Authorizer/Authorizer/app/views/layouts/_navigation.html.erb:24: syntax error, unexpected keyword_ensure, expecting ')'
C:/Users/vladp/RubymineProjects/Authorizer/Authorizer/app/views/layouts/_navigation.html.erb:26: syntax error, unexpected keyword_end, expecting ')'):
  
app/views/layouts/_navigation.html.erb:16: syntax error, unexpected keyword_end
app/views/layouts/_navigation.html.erb:18: syntax error, unexpected keyword_end, expecting ')'
app/views/layouts/_navigation.html.erb:24: syntax error, unexpected keyword_ensure, expecting ')'
app/views/layouts/_navigation.html.erb:26: syntax error, unexpected keyword_end, expecting ')'
app/views/layouts/application.html.erb:12:in `_app_views_layouts_application_html_erb___499878290_62492064'
Started GET "/" for 127.0.0.1 at 2018-01-17 22:49:01 +0300
  [1m[35m (0.5ms)[0m  [1m[35mSET NAMES utf8,  @@SESSION.sql_mode = CONCAT(CONCAT(@@sql_mode, ',STRICT_ALL_TABLES'), ',NO_AUTO_VALUE_ON_ZERO'),  @@SESSION.sql_auto_is_null = 0, @@SESSION.wait_timeout = 2147483[0m
  [1m[35m (8.0ms)[0m  [1m[34mSELECT `schema_migrations`.`version` FROM `schema_migrations` ORDER BY `schema_migrations`.`version` ASC[0m
Processing by PagesController#index as HTML
  Rendering pages/index.html.erb within layouts/application
  Rendered pages/index.html.erb within layouts/application (2.5ms)
  Rendered layouts/_navigation.html.erb (2.0ms)
Completed 200 OK in 1158ms (Views: 1135.0ms | ActiveRecord: 0.0ms)


Started GET "/" for 127.0.0.1 at 2018-01-17 22:50:56 +0300
  [1m[35m (0.0ms)[0m  [1m[35mSET NAMES utf8,  @@SESSION.sql_mode = CONCAT(CONCAT(@@sql_mode, ',STRICT_ALL_TABLES'), ',NO_AUTO_VALUE_ON_ZERO'),  @@SESSION.sql_auto_is_null = 0, @@SESSION.wait_timeout = 2147483[0m
  [1m[35m (8.0ms)[0m  [1m[34mSELECT `schema_migrations`.`version` FROM `schema_migrations` ORDER BY `schema_migrations`.`version` ASC[0m
Processing by PagesController#index as HTML
  Rendering pages/index.html.erb within layouts/application
  Rendered pages/index.html.erb within layouts/application (11.5ms)
  Rendered layouts/_navigation.html.erb (1.0ms)
Completed 200 OK in 2027ms (Views: 1999.1ms | ActiveRecord: 0.0ms)


Started GET "/" for 127.0.0.1 at 2018-01-17 22:51:22 +0300
Processing by PagesController#index as HTML
  Rendering pages/index.html.erb within layouts/application
  Rendered pages/index.html.erb within layouts/application (0.5ms)
Started GET "/" for 127.0.0.1 at 2018-01-17 22:51:22 +0300
Processing by PagesController#index as HTML
  Rendering pages/index.html.erb within layouts/application
  Rendered pages/index.html.erb within layouts/application (0.5ms)
  Rendered layouts/_navigation.html.erb (0.5ms)
Completed 200 OK in 532ms (Views: 505.4ms | ActiveRecord: 0.0ms)


  Rendered layouts/_navigation.html.erb (1.0ms)
Completed 200 OK in 336ms (Views: 308.5ms | ActiveRecord: 0.0ms)


Started GET "/" for 127.0.0.1 at 2018-01-17 22:53:56 +0300
  [1m[35m (0.5ms)[0m  [1m[35mSET NAMES utf8,  @@SESSION.sql_mode = CONCAT(CONCAT(@@sql_mode, ',STRICT_ALL_TABLES'), ',NO_AUTO_VALUE_ON_ZERO'),  @@SESSION.sql_auto_is_null = 0, @@SESSION.wait_timeout = 2147483[0m
  [1m[35m (23.0ms)[0m  [1m[34mSELECT `schema_migrations`.`version` FROM `schema_migrations` ORDER BY `schema_migrations`.`version` ASC[0m
Processing by PagesController#index as HTML
  Rendering pages/index.html.erb within layouts/application
  Rendered pages/index.html.erb within layouts/application (4.0ms)
  Rendered layouts/_navigation.html.erb (1.0ms)
Completed 200 OK in 1964ms (Views: 1904.9ms | ActiveRecord: 0.0ms)


Started GET "/" for 127.0.0.1 at 2018-01-17 22:54:27 +0300
Processing by PagesController#index as HTML
  Rendering pages/index.html.erb within layouts/application
  Rendered pages/index.html.erb within layouts/application (0.5ms)
  Rendered layouts/_navigation.html.erb (0.5ms)
Completed 200 OK in 429ms (Views: 407.1ms | ActiveRecord: 0.0ms)


Started GET "/" for 127.0.0.1 at 2018-01-17 23:06:16 +0300
  [1m[35m (0.5ms)[0m  [1m[35mSET NAMES utf8,  @@SESSION.sql_mode = CONCAT(CONCAT(@@sql_mode, ',STRICT_ALL_TABLES'), ',NO_AUTO_VALUE_ON_ZERO'),  @@SESSION.sql_auto_is_null = 0, @@SESSION.wait_timeout = 2147483[0m
  [1m[35m (13.5ms)[0m  [1m[34mSELECT `schema_migrations`.`version` FROM `schema_migrations` ORDER BY `schema_migrations`.`version` ASC[0m
Processing by PagesController#index as HTML
  Rendering pages/index.html.erb within layouts/application
  Rendered pages/index.html.erb within layouts/application (2.5ms)
Started GET "/" for 127.0.0.1 at 2018-01-17 23:06:18 +0300
Processing by PagesController#index as HTML
  Rendering pages/index.html.erb within layouts/application
  Rendered pages/index.html.erb within layouts/application (0.5ms)
Completed 500 Internal Server Error in 593ms (ActiveRecord: 0.0ms)


  
ActionView::Template::Error (Permission denied @ utime_failed - C:/Users/vladp/RubymineProjects/Authorizer/Authorizer/tmp/cache/assets/sprockets/v3.0/i2/i2Att_EiXM7DSaNGH60pVJyP8d3xfKAG8jb-IMQKszY.cache):
    4:     <title>Authorizer</title>
    5:     <%= csrf_meta_tags %>
    6: 
    7:     <%= stylesheet_link_tag    'application', media: 'all', 'data-turbolinks-track': 'reload' %>
    8:     <%= javascript_include_tag 'application', 'data-turbolinks-track': 'reload' %>
    9:   </head>
   10: 
  
app/views/layouts/application.html.erb:7:in `_app_views_layouts_application_html_erb___825730731_61023024'
  Rendered layouts/_navigation.html.erb (1.0ms)
Completed 200 OK in 8620ms (Views: 8590.6ms | ActiveRecord: 0.0ms)


Started GET "/" for 127.0.0.1 at 2018-01-17 23:09:19 +0300
  [1m[35m (0.0ms)[0m  [1m[35mSET NAMES utf8,  @@SESSION.sql_mode = CONCAT(CONCAT(@@sql_mode, ',STRICT_ALL_TABLES'), ',NO_AUTO_VALUE_ON_ZERO'),  @@SESSION.sql_auto_is_null = 0, @@SESSION.wait_timeout = 2147483[0m
  [1m[35m (13.5ms)[0m  [1m[34mSELECT `schema_migrations`.`version` FROM `schema_migrations` ORDER BY `schema_migrations`.`version` ASC[0m
Processing by PagesController#index as HTML
  Rendering pages/index.html.erb within layouts/application
  Rendered pages/index.html.erb within layouts/application (4.0ms)
  Rendered layouts/_navigation.html.erb (1.0ms)
Completed 200 OK in 1077ms (Views: 1040.7ms | ActiveRecord: 0.0ms)


Started GET "/" for 127.0.0.1 at 2018-01-17 23:09:43 +0300
Processing by PagesController#index as HTML
  Rendering pages/index.html.erb within layouts/application
  Rendered pages/index.html.erb within layouts/application (1.0ms)
  Rendered layouts/_navigation.html.erb (0.5ms)
Completed 200 OK in 372ms (Views: 347.9ms | ActiveRecord: 0.0ms)


Started GET "/auth/twitter" for 127.0.0.1 at 2018-01-17 23:09:51 +0300
Started GET "/auth/twitter" for 127.0.0.1 at 2018-01-17 23:09:52 +0300
Started GET "/auth/twitter/callback?oauth_token=yKpYngAAAAAA4EFYAAABYQW-E_Y&oauth_verifier=1674h3CxQ6tWzV3uPlU5xt5TpbkK5uUi" for 127.0.0.1 at 2018-01-17 23:09:53 +0300
Processing by SessionsController#create as HTML
  Parameters: {"oauth_token"=>"yKpYngAAAAAA4EFYAAABYQW-E_Y", "oauth_verifier"=>"1674h3CxQ6tWzV3uPlU5xt5TpbkK5uUi", "provider"=>"twitter"}
  [1m[35m (0.0ms)[0m  [1m[35mSET NAMES utf8,  @@SESSION.sql_mode = CONCAT(CONCAT(@@sql_mode, ',STRICT_ALL_TABLES'), ',NO_AUTO_VALUE_ON_ZERO'),  @@SESSION.sql_auto_is_null = 0, @@SESSION.wait_timeout = 2147483[0m
  [1m[36mUser Load (2.0ms)[0m  [1m[34mSELECT  `users`.* FROM `users` WHERE `users`.`provider` = 'twitter' AND `users`.`uid` = '953343996121747456' ORDER BY `users`.`id` ASC LIMIT 1[0m
  [1m[35m (0.0ms)[0m  [1m[35mBEGIN[0m
  [1m[35m (0.5ms)[0m  [1m[35mCOMMIT[0m
Redirected to http://localhost:3000/
Completed 302 Found in 1083ms (ActiveRecord: 40.6ms)


Started GET "/" for 127.0.0.1 at 2018-01-17 23:09:55 +0300
Processing by PagesController#index as HTML
  Rendering pages/index.html.erb within layouts/application
  Rendered pages/index.html.erb within layouts/application (0.5ms)
  [1m[36mUser Load (0.5ms)[0m  [1m[34mSELECT  `users`.* FROM `users` WHERE `users`.`id` = 1 LIMIT 1[0m
  Rendered layouts/_navigation.html.erb (13.0ms)
Completed 200 OK in 477ms (Views: 439.7ms | ActiveRecord: 0.5ms)


Started DELETE "/logout" for 127.0.0.1 at 2018-01-17 23:10:00 +0300
Processing by SessionsController#destroy as HTML
  Parameters: {"authenticity_token"=>"F18hxLfC0DtN2U7E+FoE/LmUtPuaX6hgEwGixqF34yJZ+YW0SPdtYNEv8irKHm2MAKhvHKNtY+72z/6G2BLR3A=="}
  [1m[36mUser Load (0.5ms)[0m  [1m[34mSELECT  `users`.* FROM `users` WHERE `users`.`id` = 1 LIMIT 1[0m
Redirected to http://localhost:3000/
Completed 302 Found in 7ms (ActiveRecord: 0.5ms)


Started GET "/" for 127.0.0.1 at 2018-01-17 23:10:00 +0300
Processing by PagesController#index as HTML
  Rendering pages/index.html.erb within layouts/application
  Rendered pages/index.html.erb within layouts/application (0.5ms)
  Rendered layouts/_navigation.html.erb (1.0ms)
Completed 200 OK in 425ms (Views: 395.2ms | ActiveRecord: 0.0ms)


Started GET "/" for 127.0.0.1 at 2018-01-17 23:25:44 +0300
  [1m[35m (0.5ms)[0m  [1m[35mSET NAMES utf8,  @@SESSION.sql_mode = CONCAT(CONCAT(@@sql_mode, ',STRICT_ALL_TABLES'), ',NO_AUTO_VALUE_ON_ZERO'),  @@SESSION.sql_auto_is_null = 0, @@SESSION.wait_timeout = 2147483[0m
  [1m[35m (6.0ms)[0m  [1m[34mSELECT `schema_migrations`.`version` FROM `schema_migrations` ORDER BY `schema_migrations`.`version` ASC[0m
Processing by PagesController#index as HTML
  Rendering pages/index.html.erb within layouts/application
  Rendered pages/index.html.erb within layouts/application (2.5ms)
  Rendered layouts/_navigation.html.erb (1.0ms)
Completed 200 OK in 881ms (Views: 858.1ms | ActiveRecord: 0.0ms)


Started GET "/" for 127.0.0.1 at 2018-01-17 23:26:09 +0300
Processing by PagesController#index as HTML
  Rendering pages/index.html.erb within layouts/application
  Rendered pages/index.html.erb within layouts/application (0.5ms)
  Rendered layouts/_navigation.html.erb (1.5ms)
Completed 200 OK in 392ms (Views: 365.7ms | ActiveRecord: 0.0ms)


Started GET "/auth/vkontakte" for 127.0.0.1 at 2018-01-17 23:26:34 +0300
Started GET "/auth/vkontakte" for 127.0.0.1 at 2018-01-17 23:26:34 +0300
Started GET "/auth/vkontakte" for 127.0.0.1 at 2018-01-17 23:26:43 +0300
Started GET "/auth/vkontakte" for 127.0.0.1 at 2018-01-17 23:26:43 +0300
Started GET "/auth/vkontakte" for 127.0.0.1 at 2018-01-17 23:26:53 +0300
Started GET "/auth/vkontakte" for 127.0.0.1 at 2018-01-17 23:26:53 +0300
Started GET "/auth/vkontakte" for 127.0.0.1 at 2018-01-17 23:28:33 +0300
Started GET "/auth/vkontakte" for 127.0.0.1 at 2018-01-17 23:28:33 +0300
Started GET "/auth/vkontakte" for 127.0.0.1 at 2018-01-17 23:34:16 +0300
Started GET "/auth/vkontakte" for 127.0.0.1 at 2018-01-17 23:34:16 +0300
Started GET "/" for 127.0.0.1 at 2018-01-17 23:41:39 +0300
  [1m[35m (0.5ms)[0m  [1m[35mSET NAMES utf8,  @@SESSION.sql_mode = CONCAT(CONCAT(@@sql_mode, ',STRICT_ALL_TABLES'), ',NO_AUTO_VALUE_ON_ZERO'),  @@SESSION.sql_auto_is_null = 0, @@SESSION.wait_timeout = 2147483[0m
  [1m[35m (27.0ms)[0m  [1m[34mSELECT `schema_migrations`.`version` FROM `schema_migrations` ORDER BY `schema_migrations`.`version` ASC[0m
Processing by PagesController#index as HTML
  Rendering pages/index.html.erb within layouts/application
  Rendered pages/index.html.erb within layouts/application (4.0ms)
Started GET "/" for 127.0.0.1 at 2018-01-17 23:41:43 +0300
  Rendered layouts/_navigation.html.erb (1.0ms)
Processing by PagesController#index as HTML
Completed 200 OK in 1538ms (Views: 1480.9ms | ActiveRecord: 0.0ms)


  Rendering pages/index.html.erb within layouts/application
  Rendered pages/index.html.erb within layouts/application (0.5ms)
  Rendered layouts/_navigation.html.erb (0.5ms)
Completed 200 OK in 14892ms (Views: 307.4ms | ActiveRecord: 0.0ms)


Started GET "/auth/vkontakte" for 127.0.0.1 at 2018-01-17 23:42:13 +0300
Started GET "/auth/vkontakte" for 127.0.0.1 at 2018-01-17 23:42:13 +0300
Started GET "/" for 127.0.0.1 at 2018-01-17 23:47:53 +0300
  [1m[35m (0.5ms)[0m  [1m[35mSET NAMES utf8,  @@SESSION.sql_mode = CONCAT(CONCAT(@@sql_mode, ',STRICT_ALL_TABLES'), ',NO_AUTO_VALUE_ON_ZERO'),  @@SESSION.sql_auto_is_null = 0, @@SESSION.wait_timeout = 2147483[0m
  [1m[35m (7.5ms)[0m  [1m[34mSELECT `schema_migrations`.`version` FROM `schema_migrations` ORDER BY `schema_migrations`.`version` ASC[0m
Processing by PagesController#index as HTML
  Rendering pages/index.html.erb within layouts/application
  Rendered pages/index.html.erb within layouts/application (2.5ms)
  Rendered layouts/_navigation.html.erb (2.5ms)
Completed 200 OK in 1414ms (Views: 1392.3ms | ActiveRecord: 0.0ms)


Started GET "/" for 127.0.0.1 at 2018-01-17 23:48:20 +0300
Started GET "/" for 127.0.0.1 at 2018-01-17 23:48:20 +0300
Processing by PagesController#index as HTML
Processing by PagesController#index as HTML
  Rendering pages/index.html.erb within layouts/application
  Rendering pages/index.html.erb within layouts/application
  Rendered pages/index.html.erb within layouts/application (0.5ms)
  Rendered pages/index.html.erb within layouts/application (0.0ms)
Completed 500 Internal Server Error in 350ms (ActiveRecord: 0.0ms)


  
ActionView::Template::Error (Permission denied @ utime_failed - C:/Users/vladp/RubymineProjects/Authorizer/Authorizer/tmp/cache/assets/sprockets/v3.0/Zl/Zl2pzWAntr9Ua5-rxZI6flgNVDzL-PWmfJxrg8Uo0kY.cache):
    4:     <title>Authorizer</title>
    5:     <%= csrf_meta_tags %>
    6: 
    7:     <%= stylesheet_link_tag    'application', media: 'all', 'data-turbolinks-track': 'reload' %>
    8:     <%= javascript_include_tag 'application', 'data-turbolinks-track': 'reload' %>
    9:   </head>
   10: 
  
app/views/layouts/application.html.erb:7:in `_app_views_layouts_application_html_erb___51989439_52172928'
  Rendered layouts/_navigation.html.erb (1.0ms)
Completed 200 OK in 867ms (Views: 787.0ms | ActiveRecord: 0.0ms)


Started GET "/auth/vkontakte" for 127.0.0.1 at 2018-01-17 23:48:39 +0300
Started GET "/auth/vkontakte" for 127.0.0.1 at 2018-01-17 23:48:39 +0300
Started GET "/" for 127.0.0.1 at 2018-01-17 23:52:35 +0300
  [1m[35m (1.0ms)[0m  [1m[35mSET NAMES utf8,  @@SESSION.sql_mode = CONCAT(CONCAT(@@sql_mode, ',STRICT_ALL_TABLES'), ',NO_AUTO_VALUE_ON_ZERO'),  @@SESSION.sql_auto_is_null = 0, @@SESSION.wait_timeout = 2147483[0m
  [1m[35m (17.0ms)[0m  [1m[34mSELECT `schema_migrations`.`version` FROM `schema_migrations` ORDER BY `schema_migrations`.`version` ASC[0m
Processing by PagesController#index as HTML
  Rendering pages/index.html.erb within layouts/application
  Rendered pages/index.html.erb within layouts/application (7.0ms)
Started GET "/" for 127.0.0.1 at 2018-01-17 23:52:38 +0300
Processing by PagesController#index as HTML
  Rendering pages/index.html.erb within layouts/application
  Rendered pages/index.html.erb within layouts/application (0.5ms)
Completed 500 Internal Server Error in 2547ms (ActiveRecord: 0.0ms)


  Rendered layouts/_navigation.html.erb (1.5ms)
  
Completed 200 OK in 739ms (Views: 691.8ms | ActiveRecord: 0.0ms)


ActionView::Template::Error (Permission denied @ utime_failed - C:/Users/vladp/RubymineProjects/Authorizer/Authorizer/tmp/cache/assets/sprockets/v3.0/XI/XI80bootzWkt5QWJuX50mo0u_8hvBgnKpUxOeWo2nS0.cache):
     5:     <%= csrf_meta_tags %>
     6: 
     7:     <%= stylesheet_link_tag    'application', media: 'all', 'data-turbolinks-track': 'reload' %>
     8:     <%= javascript_include_tag 'application', 'data-turbolinks-track': 'reload' %>
     9:   </head>
    10: 
    11:   <body>
  
app/views/layouts/application.html.erb:8:in `_app_views_layouts_application_html_erb__1050678041_65826492'
Started GET "/auth/vkontakte" for 127.0.0.1 at 2018-01-17 23:53:15 +0300
Started GET "/auth/vkontakte" for 127.0.0.1 at 2018-01-17 23:53:15 +0300
Started GET "/" for 127.0.0.1 at 2018-01-17 23:59:54 +0300
  [1m[35m (0.5ms)[0m  [1m[35mSET NAMES utf8,  @@SESSION.sql_mode = CONCAT(CONCAT(@@sql_mode, ',STRICT_ALL_TABLES'), ',NO_AUTO_VALUE_ON_ZERO'),  @@SESSION.sql_auto_is_null = 0, @@SESSION.wait_timeout = 2147483[0m
  [1m[35m (9.0ms)[0m  [1m[34mSELECT `schema_migrations`.`version` FROM `schema_migrations` ORDER BY `schema_migrations`.`version` ASC[0m
Processing by PagesController#index as HTML
  Rendering pages/index.html.erb within layouts/application
  Rendered pages/index.html.erb within layouts/application (2.0ms)
  Rendered layouts/_navigation.html.erb (2.0ms)
Completed 200 OK in 914ms (Views: 893.2ms | ActiveRecord: 0.0ms)


Started GET "/" for 127.0.0.1 at 2018-01-18 00:00:13 +0300
Started GET "/" for 127.0.0.1 at 2018-01-18 00:00:13 +0300
Processing by PagesController#index as HTML
Processing by PagesController#index as HTML
  Rendering pages/index.html.erb within layouts/application
  Rendered pages/index.html.erb within layouts/application (0.5ms)
  Rendering pages/index.html.erb within layouts/application
  Rendered pages/index.html.erb within layouts/application (0.0ms)
Completed 500 Internal Server Error in 242ms (ActiveRecord: 0.0ms)


  
ActionView::Template::Error (Permission denied @ utime_failed - C:/Users/vladp/RubymineProjects/Authorizer/Authorizer/tmp/cache/assets/sprockets/v3.0/Zl/Zl2pzWAntr9Ua5-rxZI6flgNVDzL-PWmfJxrg8Uo0kY.cache):
    4:     <title>Authorizer</title>
    5:     <%= csrf_meta_tags %>
    6: 
    7:     <%= stylesheet_link_tag    'application', media: 'all', 'data-turbolinks-track': 'reload' %>
    8:     <%= javascript_include_tag 'application', 'data-turbolinks-track': 'reload' %>
    9:   </head>
   10: 
  
app/views/layouts/application.html.erb:7:in `_app_views_layouts_application_html_erb__656862182_50883012'
  Rendered layouts/_navigation.html.erb (1.0ms)
Completed 200 OK in 533ms (Views: 489.1ms | ActiveRecord: 0.0ms)


Started GET "/auth/vkontakte" for 127.0.0.1 at 2018-01-18 00:00:16 +0300
Started GET "/auth/vkontakte" for 127.0.0.1 at 2018-01-18 00:00:16 +0300
Started GET "/" for 127.0.0.1 at 2018-01-18 00:02:04 +0300
  [1m[35m (0.0ms)[0m  [1m[35mSET NAMES utf8,  @@SESSION.sql_mode = CONCAT(CONCAT(@@sql_mode, ',STRICT_ALL_TABLES'), ',NO_AUTO_VALUE_ON_ZERO'),  @@SESSION.sql_auto_is_null = 0, @@SESSION.wait_timeout = 2147483[0m
  [1m[35m (6.8ms)[0m  [1m[34mSELECT `schema_migrations`.`version` FROM `schema_migrations` ORDER BY `schema_migrations`.`version` ASC[0m
Processing by PagesController#index as HTML
  Rendering pages/index.html.erb within layouts/application
  Rendered pages/index.html.erb within layouts/application (1.5ms)
  Rendered layouts/_navigation.html.erb (1.0ms)
Completed 200 OK in 824ms (Views: 800.0ms | ActiveRecord: 0.0ms)


Started GET "/" for 127.0.0.1 at 2018-01-18 00:02:26 +0300
Processing by PagesController#index as HTML
  Rendering pages/index.html.erb within layouts/application
  Rendered pages/index.html.erb within layouts/application (0.5ms)
  Rendered layouts/_navigation.html.erb (1.0ms)
Completed 200 OK in 596ms (Views: 532.2ms | ActiveRecord: 0.0ms)


Started GET "/auth/vkontakte" for 127.0.0.1 at 2018-01-18 00:02:30 +0300
Started GET "/auth/vkontakte" for 127.0.0.1 at 2018-01-18 00:02:30 +0300
Started GET "/auth/vkontakte" for 127.0.0.1 at 2018-01-18 00:03:34 +0300
Started GET "/auth/vkontakte" for 127.0.0.1 at 2018-01-18 00:03:34 +0300
Started GET "/auth/vkontakte" for 127.0.0.1 at 2018-01-18 00:05:34 +0300
Started GET "/auth/vkontakte" for 127.0.0.1 at 2018-01-18 00:05:35 +0300
Started GET "/auth/vkontakte" for 127.0.0.1 at 2018-01-18 00:06:53 +0300
Started GET "/auth/vkontakte" for 127.0.0.1 at 2018-01-18 00:06:53 +0300
Started GET "/auth/vkontakte" for 127.0.0.1 at 2018-01-18 00:23:33 +0300
Started GET "/auth/vkontakte" for 127.0.0.1 at 2018-01-18 00:23:34 +0300
Started GET "/" for 127.0.0.1 at 2018-01-18 00:27:33 +0300
Processing by PagesController#index as HTML
  Rendering pages/index.html.erb within layouts/application
  Rendered pages/index.html.erb within layouts/application (0.0ms)
  Rendered layouts/_navigation.html.erb (1.5ms)
Completed 200 OK in 253ms (Views: 231.1ms | ActiveRecord: 0.0ms)


Started GET "/auth/vkontakte" for 127.0.0.1 at 2018-01-18 00:27:36 +0300
Started GET "/auth/vkontakte" for 127.0.0.1 at 2018-01-18 00:27:37 +0300
Started GET "/" for 127.0.0.1 at 2018-01-18 00:28:35 +0300
Processing by PagesController#index as HTML
  Rendering pages/index.html.erb within layouts/application
  Rendered pages/index.html.erb within layouts/application (0.0ms)
  Rendered layouts/_navigation.html.erb (1.5ms)
Completed 200 OK in 374ms (Views: 354.0ms | ActiveRecord: 0.0ms)


Started GET "/auth/vkontakte" for 127.0.0.1 at 2018-01-18 00:28:37 +0300
Started GET "/auth/vkontakte" for 127.0.0.1 at 2018-01-18 00:28:37 +0300
Started GET "/auth/vkontakte" for 127.0.0.1 at 2018-01-18 00:29:45 +0300
Started GET "/auth/vkontakte" for 127.0.0.1 at 2018-01-18 00:29:45 +0300
Started GET "/auth/vkontakte" for 127.0.0.1 at 2018-01-18 00:31:55 +0300
Started GET "/auth/vkontakte" for 127.0.0.1 at 2018-01-18 00:31:55 +0300
Started GET "/auth/vkontakte" for 127.0.0.1 at 2018-01-18 00:32:46 +0300
Started GET "/auth/vkontakte" for 127.0.0.1 at 2018-01-18 00:32:46 +0300
Started GET "/auth/vkontakte" for 127.0.0.1 at 2018-01-18 00:33:24 +0300
Started GET "/auth/vkontakte" for 127.0.0.1 at 2018-01-18 00:33:25 +0300
